Log file open, 03/26/17 13:00:28
LogInit:Display: Running engine for game: probaaaa1
LogPlatformFile: Not using cached read wrapper
LogInit:Display: RandInit(1565874356) SRandInit(1565874356).
LogTaskGraph: Started task graph with 5 named threads and 6 total threads with 1 sets of task threads.
LogStats: Stats thread started at 0.086514
LogInit: Using libcurl 7.47.1
LogInit:  - built for x86_64-pc-win32
LogInit:  - supports SSL with OpenSSL/1.0.2g
LogInit:  - supports HTTP deflate (compression) using libz 1.2.8
LogInit:  - other features:
LogInit:      CURL_VERSION_SSL
LogInit:      CURL_VERSION_LIBZ
LogInit:      CURL_VERSION_IPV6
LogInit:      CURL_VERSION_ASYNCHDNS
LogInit:      CURL_VERSION_LARGEFILE
LogInit:      CURL_VERSION_IDN
LogInit:  CurlRequestOptions (configurable via config and command line):
LogInit:  - bVerifyPeer = false  - Libcurl will NOT verify peer certificate
LogInit:  - bUseHttpProxy = false  - Libcurl will NOT use HTTP proxy
LogInit:  - bDontReuseConnections = false  - Libcurl will reuse connections
LogInit:  - CertBundlePath = nullptr  - Libcurl will use whatever was configured at build time.
LogInit: Build: ++UE4+Release-4.15-CL-3299760
LogInit: Engine Version: 4.15.0-3299760+++UE4+Release-4.15
LogInit: Compatible Engine Version: 4.15.0-3299760+++UE4+Release-4.15
LogInit: Net CL: 3299760
LogDevObjectVersion: Number of dev versions registered: 14
LogDevObjectVersion:   Dev-Blueprints (B0D832E4-1F89-4F0D-ACCF-7EB736FD4AA2): 8
LogDevObjectVersion:   Dev-Build (E1C64328-A22C-4D53-A36C-8E866417BD8C): 0
LogDevObjectVersion:   Dev-Core (375EC13C-06E4-48FB-B500-84F0262A717E): 2
LogDevObjectVersion:   Dev-Editor (E4B068ED-F494-42E9-A231-DA0B2E46BB41): 14
LogDevObjectVersion:   Dev-Framework (CFFC743F-43B0-4480-9391-14DF171D2073): 22
LogDevObjectVersion:   Dev-Mobile (B02B49B5-BB20-44E9-A304-32B752E40360): 0
LogDevObjectVersion:   Dev-Networking (A4E4105C-59A1-49B5-A7C5-40C4547EDFEE): 0
LogDevObjectVersion:   Dev-Online (39C831C9-5AE6-47DC-9A44-9C173E1C8E7C): 0
LogDevObjectVersion:   Dev-Physics (78F01B33-EBEA-4F98-B9B4-84EACCB95AA2): 0
LogDevObjectVersion:   Dev-Platform (6631380F-2D4D-43E0-8009-CF276956A95A): 0
LogDevObjectVersion:   Dev-Rendering (12F88B9F-8875-4AFC-A67C-D90C383ABD29): 12
LogDevObjectVersion:   Dev-Sequencer (7B5AE74C-D270-4C10-A958-57980B212A5A): 3
LogDevObjectVersion:   Dev-VR (D7296918-1DD6-4BDD-9DE2-64A83CC13884): 0
LogDevObjectVersion:   Dev-LoadTimes (C2A15278-BFE7-4AFE-6C17-90FF531DF755): 1
LogInit: Compiled (64-bit): Feb 14 2017 02:04:14
LogInit: Compiled with Visual C++: 19.00.23026.00
LogInit: Build Configuration: Development
LogInit: Branch Name: ++UE4+Release-4.15
LogInit: Command line: -EpicPortal 
LogInit: Base directory: C:/Program Files/Epic Games/UE_4.15/Engine/Binaries/Win64/
LogInit: Installed Engine Build: 1
LogInit: Presizing for max 8388607 objects, including 0 objects not considered by GC, pre-allocating 0 bytes for permanent pool.
LogInit: Object subsystem initialized
[2017.03.26-11.00.30:303][  0]LogInit: Selected Device Profile: [Windows]
[2017.03.26-11.00.30:303][  0]LogInit: Applying CVar settings loaded from the selected device profile: [Windows]
[2017.03.26-11.00.30:315][  0]LogInit: Computer: JOVAN
[2017.03.26-11.00.30:315][  0]LogInit: User: Jo
[2017.03.26-11.00.30:315][  0]LogInit: CPU Page size=65536, Cores=2
[2017.03.26-11.00.30:315][  0]LogInit: High frequency timer resolution =3.312643 MHz
[2017.03.26-11.00.30:315][  0]LogMemory: Memory total: Physical=7.9GB (8GB approx)
[2017.03.26-11.00.30:315][  0]LogMemory: Platform Memory Stats for Windows
[2017.03.26-11.00.30:315][  0]LogMemory: Process Physical Memory: 260.68 MB used, 260.68 MB peak
[2017.03.26-11.00.30:315][  0]LogMemory: Process Virtual Memory: 262.11 MB used, 262.11 MB peak
[2017.03.26-11.00.30:315][  0]LogMemory: Physical Memory: 3123.23 MB used,  4962.79 MB free, 8086.02 MB total
[2017.03.26-11.00.30:315][  0]LogMemory: Virtual Memory: 624.08 MB used,  4962.79 MB free, 134217728.00 MB total
[2017.03.26-11.00.30:476][  0]LogTextLocalizationManager: No translations for ('sr-Latn-RS') exist, falling back to 'en' for localization and internationalization data.
[2017.03.26-11.00.31:556][  0]LogD3D11RHI: D3D11 adapters:
[2017.03.26-11.00.31:569][  0]LogD3D11RHI:    0. 'NVIDIA GeForce GT 730' (Feature Level 11_0)
[2017.03.26-11.00.31:569][  0]LogD3D11RHI:       1994/0/2047 MB DedicatedVideo/DedicatedSystem/SharedSystem, Outputs:2, VendorId:0x10de
[2017.03.26-11.00.31:576][  0]LogD3D11RHI:    1. 'Intel(R) HD Graphics 4400' (Feature Level 11_0)
[2017.03.26-11.00.31:576][  0]LogD3D11RHI:       32/0/1760 MB DedicatedVideo/DedicatedSystem/SharedSystem, Outputs:0, VendorId:0x8086
[2017.03.26-11.00.31:578][  0]LogD3D11RHI:    2. 'Microsoft Basic Render Driver' (Feature Level 11_0)
[2017.03.26-11.00.31:578][  0]LogD3D11RHI:       0/0/256 MB DedicatedVideo/DedicatedSystem/SharedSystem, Outputs:0, VendorId:0x1414
[2017.03.26-11.00.31:578][  0]LogD3D11RHI: Chosen D3D11 Adapter: 0
[2017.03.26-11.00.31:581][  0]LogD3D11RHI: Creating new Direct3DDevice
[2017.03.26-11.00.31:582][  0]LogD3D11RHI:     GPU DeviceId: 0xf02 (for the marketing name, search the web for "GPU Device Id")
[2017.03.26-11.00.31:582][  0]LogWindows: EnumDisplayDevices:
[2017.03.26-11.00.31:582][  0]LogWindows:    0. 'NVIDIA GeForce GT 730' (P:0 D:1)
[2017.03.26-11.00.31:582][  0]LogWindows:    1. 'NVIDIA GeForce GT 730' (P:1 D:1)
[2017.03.26-11.00.31:582][  0]LogWindows:    2. 'Intel(R) HD Graphics 4400' (P:0 D:0)
[2017.03.26-11.00.31:582][  0]LogWindows:    3. 'Intel(R) HD Graphics 4400' (P:0 D:0)
[2017.03.26-11.00.31:582][  0]LogWindows:    4. 'Intel(R) HD Graphics 4400' (P:0 D:0)
[2017.03.26-11.00.31:583][  0]LogWindows: DebugString: PrimaryIsNotTheChoosenAdapter PrimaryIsNotTheChoosenAdapter PrimaryIsNotTheChoosenAdapter FoundDriverCount:2 
[2017.03.26-11.00.31:583][  0]LogD3D11RHI:     Adapter Name: NVIDIA GeForce GT 730
[2017.03.26-11.00.31:583][  0]LogD3D11RHI:   Driver Version: 347.52 (internal:9.18.13.4752, unified:347.52)
[2017.03.26-11.00.31:583][  0]LogD3D11RHI:      Driver Date: 2-5-2015
[2017.03.26-11.00.31:583][  0]LogRHI: Texture pool is 1361 MB (70% of 1945 MB)
[2017.03.26-11.00.31:593][  0]LogD3D11RHI:Warning: Timestamp queries are currently disabled on this hardware due to instability. Realtime GPU stats will not be available. You can override this behaviour by setting r.NVIDIATimestampWorkaround to 0
[2017.03.26-11.00.31:594][  0]LogD3D11RHI: NvAPI_D3D_GetCurrentSLIState failed: 0xfffffff7
[2017.03.26-11.00.31:594][  0]LogD3D11RHI: Async texture creation enabled
[2017.03.26-11.00.31:617][  0]LogD3D11RHI: GPU Timing Frequency: 1000.000000 (Debug: 2 2)
[2017.03.26-11.00.31:628][  0]LogShaderCompilers: Guid format shader working directory is -10 characters bigger than the processId version (../../../../../../Users/Jo/Documents/GitHub/probaaaa1/Intermediate/Shaders/WorkingDirectory/2560/).
[2017.03.26-11.00.31:628][  0]LogShaderCompilers: Cleaned the shader compiler working directory 'C:/Users/Jo/AppData/Local/Temp/UnrealShaderWorkingDir/4EDCB9324485FFD7392C3488D11A4071/'.
[2017.03.26-11.00.31:628][  0]LogShaderCompilers:Display: Using Local Shader Compiler.
[2017.03.26-11.00.33:614][  0]LogTemp:Display: Loaded TP AllDesktopTargetPlatform
[2017.03.26-11.00.33:715][  0]LogTemp:Display: Loaded TP MacClientTargetPlatform
[2017.03.26-11.00.33:803][  0]LogTemp:Display: Loaded TP MacNoEditorTargetPlatform
[2017.03.26-11.00.33:886][  0]LogTemp:Display: Loaded TP MacServerTargetPlatform
[2017.03.26-11.00.33:985][  0]LogTemp:Display: Loaded TP MacTargetPlatform
[2017.03.26-11.00.34:061][  0]LogTemp:Display: Loaded TP WindowsClientTargetPlatform
[2017.03.26-11.00.34:141][  0]LogTemp:Display: Loaded TP WindowsNoEditorTargetPlatform
[2017.03.26-11.00.34:235][  0]LogTemp:Display: Loaded TP WindowsServerTargetPlatform
[2017.03.26-11.00.34:307][  0]LogTemp:Display: Loaded TP WindowsTargetPlatform
[2017.03.26-11.00.34:395][  0]LogTemp:Display: Loaded TP AndroidTargetPlatform
[2017.03.26-11.00.34:474][  0]LogTemp:Display: Loaded TP Android_ASTCTargetPlatform
[2017.03.26-11.00.34:558][  0]LogTemp:Display: Loaded TP Android_ATCTargetPlatform
[2017.03.26-11.00.34:652][  0]LogTemp:Display: Loaded TP Android_DXTTargetPlatform
[2017.03.26-11.00.34:737][  0]LogTemp:Display: Loaded TP Android_ETC1TargetPlatform
[2017.03.26-11.00.34:815][  0]LogTemp:Display: Loaded TP Android_ETC2TargetPlatform
[2017.03.26-11.00.34:995][  0]LogTemp:Display: Loaded TP Android_MultiTargetPlatform
[2017.03.26-11.00.34:995][  0]LogTemp:Display: Loaded TP Android_PVRTCTargetPlatform
[2017.03.26-11.00.35:054][  0]LogTemp:Display: Loaded TP HTML5TargetPlatform
[2017.03.26-11.00.35:179][  0]LogTemp:Display: Loaded TP IOSTargetPlatform
[2017.03.26-11.00.35:228][  0]LogTemp:Display: Loaded TP TVOSTargetPlatform
[2017.03.26-11.00.35:327][  0]LogTemp:Display: Loaded TP LinuxClientTargetPlatform
[2017.03.26-11.00.35:404][  0]LogTemp:Display: Loaded TP LinuxNoEditorTargetPlatform
[2017.03.26-11.00.35:482][  0]LogTemp:Display: Loaded TP LinuxServerTargetPlatform
[2017.03.26-11.00.35:561][  0]LogTemp:Display: Loaded TP LinuxTargetPlatform
[2017.03.26-11.00.35:561][  0]LogTargetPlatformManager:Display: Building Assets For Windows
[2017.03.26-11.00.36:228][  0]LogDerivedDataCache:Display: Max Cache Size: 512 MB
[2017.03.26-11.00.36:314][  0]LogDerivedDataCache: Loaded boot cache 0.09s 50MB C:/Users/Jo/AppData/Local/UnrealEngine/4.15/DerivedDataCache/Boot.ddc.
[2017.03.26-11.00.36:314][  0]LogDerivedDataCache:Display: Loaded Boot cache: C:/Users/Jo/AppData/Local/UnrealEngine/4.15/DerivedDataCache/Boot.ddc
[2017.03.26-11.00.36:314][  0]LogDerivedDataCache: FDerivedDataBackendGraph:  Pak pak cache file ../../../../../../Users/Jo/Documents/GitHub/probaaaa1/DerivedDataCache/DDC.ddp not found, will not use a pak cache.
[2017.03.26-11.00.36:314][  0]LogDerivedDataCache: Unable to find inner node Pak for hierarchical cache Hierarchy.
[2017.03.26-11.00.36:314][  0]LogDerivedDataCache: FDerivedDataBackendGraph:  CompressedPak pak cache file ../../../../../../Users/Jo/Documents/GitHub/probaaaa1/DerivedDataCache/Compressed.ddp not found, will not use a pak cache.
[2017.03.26-11.00.36:314][  0]LogDerivedDataCache: Unable to find inner node CompressedPak for hierarchical cache Hierarchy.
[2017.03.26-11.00.36:344][  0]LogDerivedDataCache:Display: Pak cache opened for reading ../../../Engine/DerivedDataCache/Compressed.ddp.
[2017.03.26-11.00.36:360][  0]LogDerivedDataCache: Using Local data cache path C:/Users/Jo/AppData/Local/UnrealEngine/Common/DerivedDataCache: Writable
[2017.03.26-11.00.36:370][  0]LogSlate: Using Freetype 2.6.0
[2017.03.26-11.00.36:371][  0]LogSlate: SlateFontCache - WITH_FREETYPE: 1, WITH_HARFBUZZ: 1
[2017.03.26-11.00.36:371][  0]LogSlate: SlateFontCache - WITH_FREETYPE: 1, WITH_HARFBUZZ: 1
[2017.03.26-11.00.36:781][  0]LogInit: Selected Device Profile: [Windows]
[2017.03.26-11.00.36:785][  0]LogContentStreaming: Texture pool size is 0.00 MB
[2017.03.26-11.00.37:102][  0]LogMeshUtilities: Using QuadricMeshReduction for automatic static mesh reduction
[2017.03.26-11.00.37:173][  0]LogSimplygon: Simplygon DLL not present - disabling.
[2017.03.26-11.00.37:251][  0]LogMeshUtilities: Using SimplygonSwarm for distributed automatic mesh merging
[2017.03.26-11.00.37:251][  0]LogMeshUtilities: No automatic skeletal mesh reduction module available
[2017.03.26-11.00.37:251][  0]LogMeshUtilities: No automatic mesh merging module available
[2017.03.26-11.00.38:145][  0]LogNetVersion: GetLocalNetworkVersion: CL: 3299760, ProjectName: probaaaa1, ProjectVersion: , EngineNetworkVersion: 2, GameNetworkVersion: 0, NetworkChecksum: 1382811962
[2017.03.26-11.00.38:198][  0]LogAssetRegistry: FAssetRegistry took 0.0275 seconds to start up
[2017.03.26-11.00.38:264][  0]LogPackageLocalizationCache: Processed 3 localized package path(s) for 1 prioritized culture(s) in 0.018040 seconds
[2017.03.26-11.00.38:274][  0]LogUObjectArray: 32475 objects as part of root set at end of initial load.
[2017.03.26-11.00.38:274][  0]LogUObjectAllocator: 7073368 out of 0 bytes used by permanent object pool.
[2017.03.26-11.00.38:274][  0]LogUObjectArray: CloseDisregardForGC: 0/0 objects in disregard for GC pool
[2017.03.26-11.00.38:406][  0]LogInit: WinSock: version 1.1 (2.2), MaxSocks=32767, MaxUdp=65467
[2017.03.26-11.00.41:559][  0]LogTcpMessaging: Initializing TcpMessaging bridge
[2017.03.26-11.00.41:636][  0]LogUdpMessaging: Initializing bridge on interface 0.0.0.0:0 to multicast group 230.0.0.1:6666.
[2017.03.26-11.00.42:313][  0]LogMaterial: Uniform references updated for custom material expression Custom.
[2017.03.26-11.00.42:913][  0]SourceControl: Info Source control is disabled
[2017.03.26-11.00.43:032][  0]SourceControl: Info Source control is disabled
[2017.03.26-11.00.43:122][  0]SourceControl: Info Source control is disabled
[2017.03.26-11.00.43:210][  0]SourceControl: Info Source control is disabled
[2017.03.26-11.00.45:259][  0]LogEngine: Initializing Engine...
[2017.03.26-11.00.45:260][  0]LogHMD: Failed to initialize OpenVR with code 110
[2017.03.26-11.00.45:607][  0]LogAIModule: Creating AISystem for world Untitled
[2017.03.26-11.00.45:625][  0]LogInit: XAudio2 using 'Speakers (High Definition Audio Device)' : 2 channels at 44.1 kHz using 16 bits per sample (channel mask 0x3)
[2017.03.26-11.00.45:643][  0]LogInit: FAudioDevice initialized.
[2017.03.26-11.00.45:685][  0]LogDerivedDataCache: Saved boot cache 0.04s 50MB C:/Users/Jo/AppData/Local/UnrealEngine/4.15/DerivedDataCache/Boot.ddc.
[2017.03.26-11.00.45:701][  0]LogInit: Texture streaming: Enabled
[2017.03.26-11.00.45:851][  0]LogEngineSessionManager: EngineSessionManager initialized
[2017.03.26-11.00.45:984][  0]LogInit: Transaction tracking system initialized
[2017.03.26-11.00.46:520][  0]BlueprintLog: New page: Editor Load
[2017.03.26-11.00.48:138][  0]LocalizationService: Info Localization service is disabled
[2017.03.26-11.00.49:226][  0]LogConsoleResponse:Display: 
[2017.03.26-11.00.49:441][  0]LogCook:Display: Max memory allowance for cook 16384mb min free memory 0mb
[2017.03.26-11.00.49:441][  0]LogCook:Display: Mobile HDR setting 1
[2017.03.26-11.00.50:353][  0]LogFileCache: Scanning file cache for directory 'C:/Users/Jo/Documents/GitHub/probaaaa1/Content/' took 0.01s
[2017.03.26-11.00.51:082][  0]SourceControl: Info Source control is disabled
[2017.03.26-11.00.51:096][  0]LogFactory: FactoryCreateFile: PackFactory with PackFactory (0 0 C:/Program Files/Epic Games/UE_4.15/FeaturePacks/StarterContent.upack)
[2017.03.26-11.00.51:265][  0]LogPackFactory: Finished extracting 8 files (including 0 errors).
[2017.03.26-11.00.51:295][  0]LogPackFactory: Copied "../../../Samples/StarterContent/Content/StarterContent/Architecture/Floor_400x400.uasset" to "../../../../../../Users/Jo/Documents/GitHub/probaaaa1/Content/StarterContent/Architecture/Floor_400x400.uasset"
[2017.03.26-11.00.51:303][  0]LogPackFactory: Copied "../../../Samples/StarterContent/Content/StarterContent/Architecture/Pillar_50x500.uasset" to "../../../../../../Users/Jo/Documents/GitHub/probaaaa1/Content/StarterContent/Architecture/Pillar_50x500.uasset"
[2017.03.26-11.00.51:321][  0]LogPackFactory: Copied "../../../Samples/StarterContent/Content/StarterContent/Architecture/SM_AssetPlatform.uasset" to "../../../../../../Users/Jo/Documents/GitHub/probaaaa1/Content/StarterContent/Architecture/SM_AssetPlatform.uasset"
[2017.03.26-11.00.51:324][  0]LogPackFactory: Copied "../../../Samples/StarterContent/Content/StarterContent/Architecture/Wall_400x200.uasset" to "../../../../../../Users/Jo/Documents/GitHub/probaaaa1/Content/StarterContent/Architecture/Wall_400x200.uasset"
[2017.03.26-11.00.51:331][  0]LogPackFactory: Copied "../../../Samples/StarterContent/Content/StarterContent/Architecture/Wall_400x300.uasset" to "../../../../../../Users/Jo/Documents/GitHub/probaaaa1/Content/StarterContent/Architecture/Wall_400x300.uasset"
[2017.03.26-11.00.51:340][  0]LogPackFactory: Copied "../../../Samples/StarterContent/Content/StarterContent/Architecture/Wall_400x400.uasset" to "../../../../../../Users/Jo/Documents/GitHub/probaaaa1/Content/StarterContent/Architecture/Wall_400x400.uasset"
[2017.03.26-11.00.51:348][  0]LogPackFactory: Copied "../../../Samples/StarterContent/Content/StarterContent/Architecture/Wall_500x500.uasset" to "../../../../../../Users/Jo/Documents/GitHub/probaaaa1/Content/StarterContent/Architecture/Wall_500x500.uasset"
[2017.03.26-11.00.51:351][  0]LogPackFactory: Copied "../../../Samples/StarterContent/Content/StarterContent/Architecture/Wall_Door_400x300.uasset" to "../../../../../../Users/Jo/Documents/GitHub/probaaaa1/Content/StarterContent/Architecture/Wall_Door_400x300.uasset"
[2017.03.26-11.00.51:352][  0]LogPackFactory: Copied "../../../Samples/StarterContent/Content/StarterContent/Architecture/Wall_Door_400x400.uasset" to "../../../../../../Users/Jo/Documents/GitHub/probaaaa1/Content/StarterContent/Architecture/Wall_Door_400x400.uasset"
[2017.03.26-11.00.51:354][  0]LogPackFactory: Copied "../../../Samples/StarterContent/Content/StarterContent/Architecture/Wall_Window_400x300.uasset" to "../../../../../../Users/Jo/Documents/GitHub/probaaaa1/Content/StarterContent/Architecture/Wall_Window_400x300.uasset"
[2017.03.26-11.00.51:366][  0]LogPackFactory: Copied "../../../Samples/StarterContent/Content/StarterContent/Architecture/Wall_Window_400x400.uasset" to "../../../../../../Users/Jo/Documents/GitHub/probaaaa1/Content/StarterContent/Architecture/Wall_Window_400x400.uasset"
[2017.03.26-11.00.51:378][  0]LogPackFactory: Copied "../../../Samples/StarterContent/Content/StarterContent/Audio/Collapse01.uasset" to "../../../../../../Users/Jo/Documents/GitHub/probaaaa1/Content/StarterContent/Audio/Collapse01.uasset"
[2017.03.26-11.00.51:387][  0]LogPackFactory: Copied "../../../Samples/StarterContent/Content/StarterContent/Audio/Collapse02.uasset" to "../../../../../../Users/Jo/Documents/GitHub/probaaaa1/Content/StarterContent/Audio/Collapse02.uasset"
[2017.03.26-11.00.51:395][  0]LogPackFactory: Copied "../../../Samples/StarterContent/Content/StarterContent/Audio/Collapse_Cue.uasset" to "../../../../../../Users/Jo/Documents/GitHub/probaaaa1/Content/StarterContent/Audio/Collapse_Cue.uasset"
[2017.03.26-11.00.51:404][  0]LogPackFactory: Copied "../../../Samples/StarterContent/Content/StarterContent/Audio/Explosion01.uasset" to "../../../../../../Users/Jo/Documents/GitHub/probaaaa1/Content/StarterContent/Audio/Explosion01.uasset"
[2017.03.26-11.00.51:414][  0]LogPackFactory: Copied "../../../Samples/StarterContent/Content/StarterContent/Audio/Explosion02.uasset" to "../../../../../../Users/Jo/Documents/GitHub/probaaaa1/Content/StarterContent/Audio/Explosion02.uasset"
[2017.03.26-11.00.51:425][  0]LogPackFactory: Copied "../../../Samples/StarterContent/Content/StarterContent/Audio/Explosion_Cue.uasset" to "../../../../../../Users/Jo/Documents/GitHub/probaaaa1/Content/StarterContent/Audio/Explosion_Cue.uasset"
[2017.03.26-11.00.51:443][  0]LogPackFactory: Copied "../../../Samples/StarterContent/Content/StarterContent/Audio/Fire01.uasset" to "../../../../../../Users/Jo/Documents/GitHub/probaaaa1/Content/StarterContent/Audio/Fire01.uasset"
[2017.03.26-11.00.51:453][  0]LogPackFactory: Copied "../../../Samples/StarterContent/Content/StarterContent/Audio/Fire01_Cue.uasset" to "../../../../../../Users/Jo/Documents/GitHub/probaaaa1/Content/StarterContent/Audio/Fire01_Cue.uasset"
[2017.03.26-11.00.51:469][  0]LogPackFactory: Copied "../../../Samples/StarterContent/Content/StarterContent/Audio/Fire_Sparks01.uasset" to "../../../../../../Users/Jo/Documents/GitHub/probaaaa1/Content/StarterContent/Audio/Fire_Sparks01.uasset"
[2017.03.26-11.00.51:489][  0]LogPackFactory: Copied "../../../Samples/StarterContent/Content/StarterContent/Audio/Fire_Sparks01_Cue.uasset" to "../../../../../../Users/Jo/Documents/GitHub/probaaaa1/Content/StarterContent/Audio/Fire_Sparks01_Cue.uasset"
[2017.03.26-11.00.51:502][  0]LogPackFactory: Copied "../../../Samples/StarterContent/Content/StarterContent/Audio/Light01.uasset" to "../../../../../../Users/Jo/Documents/GitHub/probaaaa1/Content/StarterContent/Audio/Light01.uasset"
[2017.03.26-11.00.51:517][  0]LogPackFactory: Copied "../../../Samples/StarterContent/Content/StarterContent/Audio/Light01_Cue.uasset" to "../../../../../../Users/Jo/Documents/GitHub/probaaaa1/Content/StarterContent/Audio/Light01_Cue.uasset"
[2017.03.26-11.00.51:525][  0]LogPackFactory: Copied "../../../Samples/StarterContent/Content/StarterContent/Audio/Light02.uasset" to "../../../../../../Users/Jo/Documents/GitHub/probaaaa1/Content/StarterContent/Audio/Light02.uasset"
[2017.03.26-11.00.51:545][  0]LogPackFactory: Copied "../../../Samples/StarterContent/Content/StarterContent/Audio/Light02_Cue.uasset" to "../../../../../../Users/Jo/Documents/GitHub/probaaaa1/Content/StarterContent/Audio/Light02_Cue.uasset"
[2017.03.26-11.00.51:569][  0]LogPackFactory: Copied "../../../Samples/StarterContent/Content/StarterContent/Audio/Smoke01.uasset" to "../../../../../../Users/Jo/Documents/GitHub/probaaaa1/Content/StarterContent/Audio/Smoke01.uasset"
[2017.03.26-11.00.51:576][  0]LogPackFactory: Copied "../../../Samples/StarterContent/Content/StarterContent/Audio/Smoke01_Cue.uasset" to "../../../../../../Users/Jo/Documents/GitHub/probaaaa1/Content/StarterContent/Audio/Smoke01_Cue.uasset"
[2017.03.26-11.00.51:586][  0]LogPackFactory: Copied "../../../Samples/StarterContent/Content/StarterContent/Audio/Starter_Background_Cue.uasset" to "../../../../../../Users/Jo/Documents/GitHub/probaaaa1/Content/StarterContent/Audio/Starter_Background_Cue.uasset"
[2017.03.26-11.00.51:609][  0]LogPackFactory: Copied "../../../Samples/StarterContent/Content/StarterContent/Audio/Starter_Birds01.uasset" to "../../../../../../Users/Jo/Documents/GitHub/probaaaa1/Content/StarterContent/Audio/Starter_Birds01.uasset"
[2017.03.26-11.00.51:662][  0]LogPackFactory: Copied "../../../Samples/StarterContent/Content/StarterContent/Audio/Starter_Music01.uasset" to "../../../../../../Users/Jo/Documents/GitHub/probaaaa1/Content/StarterContent/Audio/Starter_Music01.uasset"
[2017.03.26-11.00.51:690][  0]LogPackFactory: Copied "../../../Samples/StarterContent/Content/StarterContent/Audio/Starter_Music_Cue.uasset" to "../../../../../../Users/Jo/Documents/GitHub/probaaaa1/Content/StarterContent/Audio/Starter_Music_Cue.uasset"
[2017.03.26-11.00.51:722][  0]LogPackFactory: Copied "../../../Samples/StarterContent/Content/StarterContent/Audio/Starter_Wind05.uasset" to "../../../../../../Users/Jo/Documents/GitHub/probaaaa1/Content/StarterContent/Audio/Starter_Wind05.uasset"
[2017.03.26-11.00.51:879][  0]LogPackFactory: Copied "../../../Samples/StarterContent/Content/StarterContent/Audio/Starter_Wind06.uasset" to "../../../../../../Users/Jo/Documents/GitHub/probaaaa1/Content/StarterContent/Audio/Starter_Wind06.uasset"
[2017.03.26-11.00.51:896][  0]LogPackFactory: Copied "../../../Samples/StarterContent/Content/StarterContent/Audio/Steam01.uasset" to "../../../../../../Users/Jo/Documents/GitHub/probaaaa1/Content/StarterContent/Audio/Steam01.uasset"
[2017.03.26-11.00.51:901][  0]LogPackFactory: Copied "../../../Samples/StarterContent/Content/StarterContent/Audio/Steam01_Cue.uasset" to "../../../../../../Users/Jo/Documents/GitHub/probaaaa1/Content/StarterContent/Audio/Steam01_Cue.uasset"
[2017.03.26-11.00.51:909][  0]LogPackFactory: Copied "../../../Samples/StarterContent/Content/StarterContent/Blueprints/Blueprint_CeilingLight.uasset" to "../../../../../../Users/Jo/Documents/GitHub/probaaaa1/Content/StarterContent/Blueprints/Blueprint_CeilingLight.uasset"
[2017.03.26-11.00.51:920][  0]LogPackFactory: Copied "../../../Samples/StarterContent/Content/StarterContent/Blueprints/Blueprint_Effect_Explosion.uasset" to "../../../../../../Users/Jo/Documents/GitHub/probaaaa1/Content/StarterContent/Blueprints/Blueprint_Effect_Explosion.uasset"
[2017.03.26-11.00.51:932][  0]LogPackFactory: Copied "../../../Samples/StarterContent/Content/StarterContent/Blueprints/Blueprint_Effect_Fire.uasset" to "../../../../../../Users/Jo/Documents/GitHub/probaaaa1/Content/StarterContent/Blueprints/Blueprint_Effect_Fire.uasset"
[2017.03.26-11.00.51:936][  0]LogPackFactory: Copied "../../../Samples/StarterContent/Content/StarterContent/Blueprints/Blueprint_Effect_Smoke.uasset" to "../../../../../../Users/Jo/Documents/GitHub/probaaaa1/Content/StarterContent/Blueprints/Blueprint_Effect_Smoke.uasset"
[2017.03.26-11.00.51:943][  0]LogPackFactory: Copied "../../../Samples/StarterContent/Content/StarterContent/Blueprints/Blueprint_Effect_Sparks.uasset" to "../../../../../../Users/Jo/Documents/GitHub/probaaaa1/Content/StarterContent/Blueprints/Blueprint_Effect_Sparks.uasset"
[2017.03.26-11.00.51:956][  0]LogPackFactory: Copied "../../../Samples/StarterContent/Content/StarterContent/Blueprints/Blueprint_Effect_Steam.uasset" to "../../../../../../Users/Jo/Documents/GitHub/probaaaa1/Content/StarterContent/Blueprints/Blueprint_Effect_Steam.uasset"
[2017.03.26-11.00.51:966][  0]LogPackFactory: Copied "../../../Samples/StarterContent/Content/StarterContent/Blueprints/Blueprint_WallSconce.uasset" to "../../../../../../Users/Jo/Documents/GitHub/probaaaa1/Content/StarterContent/Blueprints/Blueprint_WallSconce.uasset"
[2017.03.26-11.00.51:975][  0]LogPackFactory: Copied "../../../Samples/StarterContent/Content/StarterContent/Blueprints/BP_LightStudio.uasset" to "../../../../../../Users/Jo/Documents/GitHub/probaaaa1/Content/StarterContent/Blueprints/BP_LightStudio.uasset"
[2017.03.26-11.00.51:979][  0]LogPackFactory: Copied "../../../Samples/StarterContent/Content/StarterContent/Blueprints/Assets/FogBrightnessLUT.uasset" to "../../../../../../Users/Jo/Documents/GitHub/probaaaa1/Content/StarterContent/Blueprints/Assets/FogBrightnessLUT.uasset"
[2017.03.26-11.00.51:988][  0]LogPackFactory: Copied "../../../Samples/StarterContent/Content/StarterContent/Blueprints/Assets/M_LightStage_Arrows.uasset" to "../../../../../../Users/Jo/Documents/GitHub/probaaaa1/Content/StarterContent/Blueprints/Assets/M_LightStage_Arrows.uasset"
[2017.03.26-11.00.51:998][  0]LogPackFactory: Copied "../../../Samples/StarterContent/Content/StarterContent/Blueprints/Assets/M_LightStage_Skybox_Black.uasset" to "../../../../../../Users/Jo/Documents/GitHub/probaaaa1/Content/StarterContent/Blueprints/Assets/M_LightStage_Skybox_Black.uasset"
[2017.03.26-11.00.52:006][  0]LogPackFactory: Copied "../../../Samples/StarterContent/Content/StarterContent/Blueprints/Assets/M_LightStage_Skybox_HDRI.uasset" to "../../../../../../Users/Jo/Documents/GitHub/probaaaa1/Content/StarterContent/Blueprints/Assets/M_LightStage_Skybox_HDRI.uasset"
[2017.03.26-11.00.52:014][  0]LogPackFactory: Copied "../../../Samples/StarterContent/Content/StarterContent/Blueprints/Assets/M_LightStage_Skybox_Master.uasset" to "../../../../../../Users/Jo/Documents/GitHub/probaaaa1/Content/StarterContent/Blueprints/Assets/M_LightStage_Skybox_Master.uasset"
[2017.03.26-11.00.52:027][  0]LogPackFactory: Copied "../../../Samples/StarterContent/Content/StarterContent/Blueprints/Assets/Skybox.uasset" to "../../../../../../Users/Jo/Documents/GitHub/probaaaa1/Content/StarterContent/Blueprints/Assets/Skybox.uasset"
[2017.03.26-11.00.52:042][  0]LogPackFactory: Copied "../../../Samples/StarterContent/Content/StarterContent/Blueprints/Assets/SM_Arrows.uasset" to "../../../../../../Users/Jo/Documents/GitHub/probaaaa1/Content/StarterContent/Blueprints/Assets/SM_Arrows.uasset"
[2017.03.26-11.00.52:049][  0]LogPackFactory: Copied "../../../Samples/StarterContent/Content/StarterContent/Blueprints/Assets/SunlightColorLUT.uasset" to "../../../../../../Users/Jo/Documents/GitHub/probaaaa1/Content/StarterContent/Blueprints/Assets/SunlightColorLUT.uasset"
[2017.03.26-11.00.52:448][  0]LogPackFactory: Copied "../../../Samples/StarterContent/Content/StarterContent/HDRI/HDRI_Epic_Courtyard_Daylight.uasset" to "../../../../../../Users/Jo/Documents/GitHub/probaaaa1/Content/StarterContent/HDRI/HDRI_Epic_Courtyard_Daylight.uasset"
[2017.03.26-11.00.52:465][  0]LogPackFactory: Copied "../../../Samples/StarterContent/Content/StarterContent/Maps/Advanced_Lighting.umap" to "../../../../../../Users/Jo/Documents/GitHub/probaaaa1/Content/StarterContent/Maps/Advanced_Lighting.umap"
[2017.03.26-11.00.52:475][  0]LogPackFactory: Copied "../../../Samples/StarterContent/Content/StarterContent/Maps/Advanced_Lighting_BuiltData.uasset" to "../../../../../../Users/Jo/Documents/GitHub/probaaaa1/Content/StarterContent/Maps/Advanced_Lighting_BuiltData.uasset"
[2017.03.26-11.00.52:492][  0]LogPackFactory: Copied "../../../Samples/StarterContent/Content/StarterContent/Maps/Minimal_Default.umap" to "../../../../../../Users/Jo/Documents/GitHub/probaaaa1/Content/StarterContent/Maps/Minimal_Default.umap"
[2017.03.26-11.00.52:507][  0]LogPackFactory: Copied "../../../Samples/StarterContent/Content/StarterContent/Maps/Minimal_Default_BuiltData.uasset" to "../../../../../../Users/Jo/Documents/GitHub/probaaaa1/Content/StarterContent/Maps/Minimal_Default_BuiltData.uasset"
[2017.03.26-11.00.52:548][  0]LogPackFactory: Copied "../../../Samples/StarterContent/Content/StarterContent/Maps/StarterMap.umap" to "../../../../../../Users/Jo/Documents/GitHub/probaaaa1/Content/StarterContent/Maps/StarterMap.umap"
[2017.03.26-11.00.52:628][  0]LogPackFactory: Copied "../../../Samples/StarterContent/Content/StarterContent/Maps/StarterMap_BuiltData.uasset" to "../../../../../../Users/Jo/Documents/GitHub/probaaaa1/Content/StarterContent/Maps/StarterMap_BuiltData.uasset"
[2017.03.26-11.00.52:649][  0]LogPackFactory: Copied "../../../Samples/StarterContent/Content/StarterContent/Materials/M_AssetPlatform.uasset" to "../../../../../../Users/Jo/Documents/GitHub/probaaaa1/Content/StarterContent/Materials/M_AssetPlatform.uasset"
[2017.03.26-11.00.52:660][  0]LogPackFactory: Copied "../../../Samples/StarterContent/Content/StarterContent/Materials/M_Basic_Floor.uasset" to "../../../../../../Users/Jo/Documents/GitHub/probaaaa1/Content/StarterContent/Materials/M_Basic_Floor.uasset"
[2017.03.26-11.00.52:671][  0]LogPackFactory: Copied "../../../Samples/StarterContent/Content/StarterContent/Materials/M_Basic_Wall.uasset" to "../../../../../../Users/Jo/Documents/GitHub/probaaaa1/Content/StarterContent/Materials/M_Basic_Wall.uasset"
[2017.03.26-11.00.52:680][  0]LogPackFactory: Copied "../../../Samples/StarterContent/Content/StarterContent/Materials/M_Brick_Clay_Beveled.uasset" to "../../../../../../Users/Jo/Documents/GitHub/probaaaa1/Content/StarterContent/Materials/M_Brick_Clay_Beveled.uasset"
[2017.03.26-11.00.52:691][  0]LogPackFactory: Copied "../../../Samples/StarterContent/Content/StarterContent/Materials/M_Brick_Clay_New.uasset" to "../../../../../../Users/Jo/Documents/GitHub/probaaaa1/Content/StarterContent/Materials/M_Brick_Clay_New.uasset"
[2017.03.26-11.00.52:697][  0]LogPackFactory: Copied "../../../Samples/StarterContent/Content/StarterContent/Materials/M_Brick_Clay_Old.uasset" to "../../../../../../Users/Jo/Documents/GitHub/probaaaa1/Content/StarterContent/Materials/M_Brick_Clay_Old.uasset"
[2017.03.26-11.00.52:707][  0]LogPackFactory: Copied "../../../Samples/StarterContent/Content/StarterContent/Materials/M_Brick_Cut_Stone.uasset" to "../../../../../../Users/Jo/Documents/GitHub/probaaaa1/Content/StarterContent/Materials/M_Brick_Cut_Stone.uasset"
[2017.03.26-11.00.52:723][  0]LogPackFactory: Copied "../../../Samples/StarterContent/Content/StarterContent/Materials/M_Brick_Hewn_Stone.uasset" to "../../../../../../Users/Jo/Documents/GitHub/probaaaa1/Content/StarterContent/Materials/M_Brick_Hewn_Stone.uasset"
[2017.03.26-11.00.52:735][  0]LogPackFactory: Copied "../../../Samples/StarterContent/Content/StarterContent/Materials/M_Ceramic_Tile_Checker.uasset" to "../../../../../../Users/Jo/Documents/GitHub/probaaaa1/Content/StarterContent/Materials/M_Ceramic_Tile_Checker.uasset"
[2017.03.26-11.00.52:744][  0]LogPackFactory: Copied "../../../Samples/StarterContent/Content/StarterContent/Materials/M_CobbleStone_Pebble.uasset" to "../../../../../../Users/Jo/Documents/GitHub/probaaaa1/Content/StarterContent/Materials/M_CobbleStone_Pebble.uasset"
[2017.03.26-11.00.52:751][  0]LogPackFactory: Copied "../../../Samples/StarterContent/Content/StarterContent/Materials/M_CobbleStone_Rough.uasset" to "../../../../../../Users/Jo/Documents/GitHub/probaaaa1/Content/StarterContent/Materials/M_CobbleStone_Rough.uasset"
[2017.03.26-11.00.52:761][  0]LogPackFactory: Copied "../../../Samples/StarterContent/Content/StarterContent/Materials/M_CobbleStone_Smooth.uasset" to "../../../../../../Users/Jo/Documents/GitHub/probaaaa1/Content/StarterContent/Materials/M_CobbleStone_Smooth.uasset"
[2017.03.26-11.00.52:771][  0]LogPackFactory: Copied "../../../Samples/StarterContent/Content/StarterContent/Materials/M_ColorGrid_LowSpec.uasset" to "../../../../../../Users/Jo/Documents/GitHub/probaaaa1/Content/StarterContent/Materials/M_ColorGrid_LowSpec.uasset"
[2017.03.26-11.00.52:788][  0]LogPackFactory: Copied "../../../Samples/StarterContent/Content/StarterContent/Materials/M_Concrete_Grime.uasset" to "../../../../../../Users/Jo/Documents/GitHub/probaaaa1/Content/StarterContent/Materials/M_Concrete_Grime.uasset"
[2017.03.26-11.00.52:796][  0]LogPackFactory: Copied "../../../Samples/StarterContent/Content/StarterContent/Materials/M_Concrete_Panels.uasset" to "../../../../../../Users/Jo/Documents/GitHub/probaaaa1/Content/StarterContent/Materials/M_Concrete_Panels.uasset"
[2017.03.26-11.00.52:809][  0]LogPackFactory: Copied "../../../Samples/StarterContent/Content/StarterContent/Materials/M_Concrete_Poured.uasset" to "../../../../../../Users/Jo/Documents/GitHub/probaaaa1/Content/StarterContent/Materials/M_Concrete_Poured.uasset"
[2017.03.26-11.00.52:824][  0]LogPackFactory: Copied "../../../Samples/StarterContent/Content/StarterContent/Materials/M_Concrete_Tiles.uasset" to "../../../../../../Users/Jo/Documents/GitHub/probaaaa1/Content/StarterContent/Materials/M_Concrete_Tiles.uasset"
[2017.03.26-11.00.52:829][  0]LogPackFactory: Copied "../../../Samples/StarterContent/Content/StarterContent/Materials/M_Glass.uasset" to "../../../../../../Users/Jo/Documents/GitHub/probaaaa1/Content/StarterContent/Materials/M_Glass.uasset"
[2017.03.26-11.00.52:854][  0]LogPackFactory: Copied "../../../Samples/StarterContent/Content/StarterContent/Materials/M_Ground_Grass.uasset" to "../../../../../../Users/Jo/Documents/GitHub/probaaaa1/Content/StarterContent/Materials/M_Ground_Grass.uasset"
[2017.03.26-11.00.52:865][  0]LogPackFactory: Copied "../../../Samples/StarterContent/Content/StarterContent/Materials/M_Ground_Gravel.uasset" to "../../../../../../Users/Jo/Documents/GitHub/probaaaa1/Content/StarterContent/Materials/M_Ground_Gravel.uasset"
[2017.03.26-11.00.52:879][  0]LogPackFactory: Copied "../../../Samples/StarterContent/Content/StarterContent/Materials/M_Ground_Moss.uasset" to "../../../../../../Users/Jo/Documents/GitHub/probaaaa1/Content/StarterContent/Materials/M_Ground_Moss.uasset"
[2017.03.26-11.00.52:888][  0]LogPackFactory: Copied "../../../Samples/StarterContent/Content/StarterContent/Materials/M_Metal_Brushed_Nickel.uasset" to "../../../../../../Users/Jo/Documents/GitHub/probaaaa1/Content/StarterContent/Materials/M_Metal_Brushed_Nickel.uasset"
[2017.03.26-11.00.52:907][  0]LogPackFactory: Copied "../../../Samples/StarterContent/Content/StarterContent/Materials/M_Metal_Burnished_Steel.uasset" to "../../../../../../Users/Jo/Documents/GitHub/probaaaa1/Content/StarterContent/Materials/M_Metal_Burnished_Steel.uasset"
[2017.03.26-11.00.52:923][  0]LogPackFactory: Copied "../../../Samples/StarterContent/Content/StarterContent/Materials/M_Metal_Chrome.uasset" to "../../../../../../Users/Jo/Documents/GitHub/probaaaa1/Content/StarterContent/Materials/M_Metal_Chrome.uasset"
[2017.03.26-11.00.52:932][  0]LogPackFactory: Copied "../../../Samples/StarterContent/Content/StarterContent/Materials/M_Metal_Copper.uasset" to "../../../../../../Users/Jo/Documents/GitHub/probaaaa1/Content/StarterContent/Materials/M_Metal_Copper.uasset"
[2017.03.26-11.00.52:949][  0]LogPackFactory: Copied "../../../Samples/StarterContent/Content/StarterContent/Materials/M_Metal_Gold.uasset" to "../../../../../../Users/Jo/Documents/GitHub/probaaaa1/Content/StarterContent/Materials/M_Metal_Gold.uasset"
[2017.03.26-11.00.52:963][  0]LogPackFactory: Copied "../../../Samples/StarterContent/Content/StarterContent/Materials/M_Metal_Rust.uasset" to "../../../../../../Users/Jo/Documents/GitHub/probaaaa1/Content/StarterContent/Materials/M_Metal_Rust.uasset"
[2017.03.26-11.00.52:978][  0]LogPackFactory: Copied "../../../Samples/StarterContent/Content/StarterContent/Materials/M_Metal_Steel.uasset" to "../../../../../../Users/Jo/Documents/GitHub/probaaaa1/Content/StarterContent/Materials/M_Metal_Steel.uasset"
[2017.03.26-11.00.53:002][  0]LogPackFactory: Copied "../../../Samples/StarterContent/Content/StarterContent/Materials/M_Rock_Basalt.uasset" to "../../../../../../Users/Jo/Documents/GitHub/probaaaa1/Content/StarterContent/Materials/M_Rock_Basalt.uasset"
[2017.03.26-11.00.53:011][  0]LogPackFactory: Copied "../../../Samples/StarterContent/Content/StarterContent/Materials/M_Rock_Marble_Polished.uasset" to "../../../../../../Users/Jo/Documents/GitHub/probaaaa1/Content/StarterContent/Materials/M_Rock_Marble_Polished.uasset"
[2017.03.26-11.00.53:018][  0]LogPackFactory: Copied "../../../Samples/StarterContent/Content/StarterContent/Materials/M_Rock_Sandstone.uasset" to "../../../../../../Users/Jo/Documents/GitHub/probaaaa1/Content/StarterContent/Materials/M_Rock_Sandstone.uasset"
[2017.03.26-11.00.53:032][  0]LogPackFactory: Copied "../../../Samples/StarterContent/Content/StarterContent/Materials/M_Rock_Slate.uasset" to "../../../../../../Users/Jo/Documents/GitHub/probaaaa1/Content/StarterContent/Materials/M_Rock_Slate.uasset"
[2017.03.26-11.00.53:045][  0]LogPackFactory: Copied "../../../Samples/StarterContent/Content/StarterContent/Materials/M_Tech_Checker_Dot.uasset" to "../../../../../../Users/Jo/Documents/GitHub/probaaaa1/Content/StarterContent/Materials/M_Tech_Checker_Dot.uasset"
[2017.03.26-11.00.53:057][  0]LogPackFactory: Copied "../../../Samples/StarterContent/Content/StarterContent/Materials/M_Tech_Hex_Tile.uasset" to "../../../../../../Users/Jo/Documents/GitHub/probaaaa1/Content/StarterContent/Materials/M_Tech_Hex_Tile.uasset"
[2017.03.26-11.00.53:065][  0]LogPackFactory: Copied "../../../Samples/StarterContent/Content/StarterContent/Materials/M_Tech_Hex_Tile_Pulse.uasset" to "../../../../../../Users/Jo/Documents/GitHub/probaaaa1/Content/StarterContent/Materials/M_Tech_Hex_Tile_Pulse.uasset"
[2017.03.26-11.00.53:079][  0]LogPackFactory: Copied "../../../Samples/StarterContent/Content/StarterContent/Materials/M_Tech_Panel.uasset" to "../../../../../../Users/Jo/Documents/GitHub/probaaaa1/Content/StarterContent/Materials/M_Tech_Panel.uasset"
[2017.03.26-11.00.53:092][  0]LogPackFactory: Copied "../../../Samples/StarterContent/Content/StarterContent/Materials/M_Water_Lake.uasset" to "../../../../../../Users/Jo/Documents/GitHub/probaaaa1/Content/StarterContent/Materials/M_Water_Lake.uasset"
[2017.03.26-11.00.53:106][  0]LogPackFactory: Copied "../../../Samples/StarterContent/Content/StarterContent/Materials/M_Water_Ocean.uasset" to "../../../../../../Users/Jo/Documents/GitHub/probaaaa1/Content/StarterContent/Materials/M_Water_Ocean.uasset"
[2017.03.26-11.00.53:119][  0]LogPackFactory: Copied "../../../Samples/StarterContent/Content/StarterContent/Materials/M_Wood_Floor_Walnut_Polished.uasset" to "../../../../../../Users/Jo/Documents/GitHub/probaaaa1/Content/StarterContent/Materials/M_Wood_Floor_Walnut_Polished.uasset"
[2017.03.26-11.00.53:125][  0]LogPackFactory: Copied "../../../Samples/StarterContent/Content/StarterContent/Materials/M_Wood_Floor_Walnut_Worn.uasset" to "../../../../../../Users/Jo/Documents/GitHub/probaaaa1/Content/StarterContent/Materials/M_Wood_Floor_Walnut_Worn.uasset"
[2017.03.26-11.00.53:131][  0]LogPackFactory: Copied "../../../Samples/StarterContent/Content/StarterContent/Materials/M_Wood_Oak.uasset" to "../../../../../../Users/Jo/Documents/GitHub/probaaaa1/Content/StarterContent/Materials/M_Wood_Oak.uasset"
[2017.03.26-11.00.53:142][  0]LogPackFactory: Copied "../../../Samples/StarterContent/Content/StarterContent/Materials/M_Wood_Pine.uasset" to "../../../../../../Users/Jo/Documents/GitHub/probaaaa1/Content/StarterContent/Materials/M_Wood_Pine.uasset"
[2017.03.26-11.00.53:152][  0]LogPackFactory: Copied "../../../Samples/StarterContent/Content/StarterContent/Materials/M_Wood_Walnut.uasset" to "../../../../../../Users/Jo/Documents/GitHub/probaaaa1/Content/StarterContent/Materials/M_Wood_Walnut.uasset"
[2017.03.26-11.00.53:164][  0]LogPackFactory: Copied "../../../Samples/StarterContent/Content/StarterContent/Particles/P_Ambient_Dust.uasset" to "../../../../../../Users/Jo/Documents/GitHub/probaaaa1/Content/StarterContent/Particles/P_Ambient_Dust.uasset"
[2017.03.26-11.00.53:173][  0]LogPackFactory: Copied "../../../Samples/StarterContent/Content/StarterContent/Particles/P_Explosion.uasset" to "../../../../../../Users/Jo/Documents/GitHub/probaaaa1/Content/StarterContent/Particles/P_Explosion.uasset"
[2017.03.26-11.00.53:187][  0]LogPackFactory: Copied "../../../Samples/StarterContent/Content/StarterContent/Particles/P_Fire.uasset" to "../../../../../../Users/Jo/Documents/GitHub/probaaaa1/Content/StarterContent/Particles/P_Fire.uasset"
[2017.03.26-11.00.53:200][  0]LogPackFactory: Copied "../../../Samples/StarterContent/Content/StarterContent/Particles/P_Smoke.uasset" to "../../../../../../Users/Jo/Documents/GitHub/probaaaa1/Content/StarterContent/Particles/P_Smoke.uasset"
[2017.03.26-11.00.53:217][  0]LogPackFactory: Copied "../../../Samples/StarterContent/Content/StarterContent/Particles/P_Sparks.uasset" to "../../../../../../Users/Jo/Documents/GitHub/probaaaa1/Content/StarterContent/Particles/P_Sparks.uasset"
[2017.03.26-11.00.53:225][  0]LogPackFactory: Copied "../../../Samples/StarterContent/Content/StarterContent/Particles/P_Steam_Lit.uasset" to "../../../../../../Users/Jo/Documents/GitHub/probaaaa1/Content/StarterContent/Particles/P_Steam_Lit.uasset"
[2017.03.26-11.00.53:234][  0]LogPackFactory: Copied "../../../Samples/StarterContent/Content/StarterContent/Particles/Materials/M_Burst.uasset" to "../../../../../../Users/Jo/Documents/GitHub/probaaaa1/Content/StarterContent/Particles/Materials/M_Burst.uasset"
[2017.03.26-11.00.53:250][  0]LogPackFactory: Copied "../../../Samples/StarterContent/Content/StarterContent/Particles/Materials/M_Dust_Particle.uasset" to "../../../../../../Users/Jo/Documents/GitHub/probaaaa1/Content/StarterContent/Particles/Materials/M_Dust_Particle.uasset"
[2017.03.26-11.00.53:256][  0]LogPackFactory: Copied "../../../Samples/StarterContent/Content/StarterContent/Particles/Materials/M_explosion_subUV.uasset" to "../../../../../../Users/Jo/Documents/GitHub/probaaaa1/Content/StarterContent/Particles/Materials/M_explosion_subUV.uasset"
[2017.03.26-11.00.53:277][  0]LogPackFactory: Copied "../../../Samples/StarterContent/Content/StarterContent/Particles/Materials/M_Fire_SubUV.uasset" to "../../../../../../Users/Jo/Documents/GitHub/probaaaa1/Content/StarterContent/Particles/Materials/M_Fire_SubUV.uasset"
[2017.03.26-11.00.53:283][  0]LogPackFactory: Copied "../../../Samples/StarterContent/Content/StarterContent/Particles/Materials/m_flare_01.uasset" to "../../../../../../Users/Jo/Documents/GitHub/probaaaa1/Content/StarterContent/Particles/Materials/m_flare_01.uasset"
[2017.03.26-11.00.53:291][  0]LogPackFactory: Copied "../../../Samples/StarterContent/Content/StarterContent/Particles/Materials/M_Heat_Distortion.uasset" to "../../../../../../Users/Jo/Documents/GitHub/probaaaa1/Content/StarterContent/Particles/Materials/M_Heat_Distortion.uasset"
[2017.03.26-11.00.53:299][  0]LogPackFactory: Copied "../../../Samples/StarterContent/Content/StarterContent/Particles/Materials/M_Radial_Gradient.uasset" to "../../../../../../Users/Jo/Documents/GitHub/probaaaa1/Content/StarterContent/Particles/Materials/M_Radial_Gradient.uasset"
[2017.03.26-11.00.53:306][  0]LogPackFactory: Copied "../../../Samples/StarterContent/Content/StarterContent/Particles/Materials/M_radial_ramp.uasset" to "../../../../../../Users/Jo/Documents/GitHub/probaaaa1/Content/StarterContent/Particles/Materials/M_radial_ramp.uasset"
[2017.03.26-11.00.53:313][  0]LogPackFactory: Copied "../../../Samples/StarterContent/Content/StarterContent/Particles/Materials/M_smoke_subUV.uasset" to "../../../../../../Users/Jo/Documents/GitHub/probaaaa1/Content/StarterContent/Particles/Materials/M_smoke_subUV.uasset"
[2017.03.26-11.00.53:324][  0]LogPackFactory: Copied "../../../Samples/StarterContent/Content/StarterContent/Particles/Materials/M_Spark.uasset" to "../../../../../../Users/Jo/Documents/GitHub/probaaaa1/Content/StarterContent/Particles/Materials/M_Spark.uasset"
[2017.03.26-11.00.53:332][  0]LogPackFactory: Copied "../../../Samples/StarterContent/Content/StarterContent/Props/MaterialSphere.uasset" to "../../../../../../Users/Jo/Documents/GitHub/probaaaa1/Content/StarterContent/Props/MaterialSphere.uasset"
[2017.03.26-11.00.53:338][  0]LogPackFactory: Copied "../../../Samples/StarterContent/Content/StarterContent/Props/SM_Bush.uasset" to "../../../../../../Users/Jo/Documents/GitHub/probaaaa1/Content/StarterContent/Props/SM_Bush.uasset"
[2017.03.26-11.00.53:350][  0]LogPackFactory: Copied "../../../Samples/StarterContent/Content/StarterContent/Props/SM_Chair.uasset" to "../../../../../../Users/Jo/Documents/GitHub/probaaaa1/Content/StarterContent/Props/SM_Chair.uasset"
[2017.03.26-11.00.53:365][  0]LogPackFactory: Copied "../../../Samples/StarterContent/Content/StarterContent/Props/SM_CornerFrame.uasset" to "../../../../../../Users/Jo/Documents/GitHub/probaaaa1/Content/StarterContent/Props/SM_CornerFrame.uasset"
[2017.03.26-11.00.53:379][  0]LogPackFactory: Copied "../../../Samples/StarterContent/Content/StarterContent/Props/SM_Couch.uasset" to "../../../../../../Users/Jo/Documents/GitHub/probaaaa1/Content/StarterContent/Props/SM_Couch.uasset"
[2017.03.26-11.00.53:389][  0]LogPackFactory: Copied "../../../Samples/StarterContent/Content/StarterContent/Props/SM_Door.uasset" to "../../../../../../Users/Jo/Documents/GitHub/probaaaa1/Content/StarterContent/Props/SM_Door.uasset"
[2017.03.26-11.00.53:401][  0]LogPackFactory: Copied "../../../Samples/StarterContent/Content/StarterContent/Props/SM_DoorFrame.uasset" to "../../../../../../Users/Jo/Documents/GitHub/probaaaa1/Content/StarterContent/Props/SM_DoorFrame.uasset"
[2017.03.26-11.00.53:414][  0]LogPackFactory: Copied "../../../Samples/StarterContent/Content/StarterContent/Props/SM_GlassWindow.uasset" to "../../../../../../Users/Jo/Documents/GitHub/probaaaa1/Content/StarterContent/Props/SM_GlassWindow.uasset"
[2017.03.26-11.00.53:424][  0]LogPackFactory: Copied "../../../Samples/StarterContent/Content/StarterContent/Props/SM_Lamp_Ceiling.uasset" to "../../../../../../Users/Jo/Documents/GitHub/probaaaa1/Content/StarterContent/Props/SM_Lamp_Ceiling.uasset"
[2017.03.26-11.00.53:431][  0]LogPackFactory: Copied "../../../Samples/StarterContent/Content/StarterContent/Props/SM_Lamp_Wall.uasset" to "../../../../../../Users/Jo/Documents/GitHub/probaaaa1/Content/StarterContent/Props/SM_Lamp_Wall.uasset"
[2017.03.26-11.00.53:453][  0]LogPackFactory: Copied "../../../Samples/StarterContent/Content/StarterContent/Props/SM_MatPreviewMesh_02.uasset" to "../../../../../../Users/Jo/Documents/GitHub/probaaaa1/Content/StarterContent/Props/SM_MatPreviewMesh_02.uasset"
[2017.03.26-11.00.53:474][  0]LogPackFactory: Copied "../../../Samples/StarterContent/Content/StarterContent/Props/SM_PillarFrame.uasset" to "../../../../../../Users/Jo/Documents/GitHub/probaaaa1/Content/StarterContent/Props/SM_PillarFrame.uasset"
[2017.03.26-11.00.53:480][  0]LogPackFactory: Copied "../../../Samples/StarterContent/Content/StarterContent/Props/SM_PillarFrame300.uasset" to "../../../../../../Users/Jo/Documents/GitHub/probaaaa1/Content/StarterContent/Props/SM_PillarFrame300.uasset"
[2017.03.26-11.00.53:493][  0]LogPackFactory: Copied "../../../Samples/StarterContent/Content/StarterContent/Props/SM_Rock.uasset" to "../../../../../../Users/Jo/Documents/GitHub/probaaaa1/Content/StarterContent/Props/SM_Rock.uasset"
[2017.03.26-11.00.53:502][  0]LogPackFactory: Copied "../../../Samples/StarterContent/Content/StarterContent/Props/SM_Shelf.uasset" to "../../../../../../Users/Jo/Documents/GitHub/probaaaa1/Content/StarterContent/Props/SM_Shelf.uasset"
[2017.03.26-11.00.53:512][  0]LogPackFactory: Copied "../../../Samples/StarterContent/Content/StarterContent/Props/SM_Stairs.uasset" to "../../../../../../Users/Jo/Documents/GitHub/probaaaa1/Content/StarterContent/Props/SM_Stairs.uasset"
[2017.03.26-11.00.53:530][  0]LogPackFactory: Copied "../../../Samples/StarterContent/Content/StarterContent/Props/SM_Statue.uasset" to "../../../../../../Users/Jo/Documents/GitHub/probaaaa1/Content/StarterContent/Props/SM_Statue.uasset"
[2017.03.26-11.00.53:546][  0]LogPackFactory: Copied "../../../Samples/StarterContent/Content/StarterContent/Props/SM_TableRound.uasset" to "../../../../../../Users/Jo/Documents/GitHub/probaaaa1/Content/StarterContent/Props/SM_TableRound.uasset"
[2017.03.26-11.00.53:558][  0]LogPackFactory: Copied "../../../Samples/StarterContent/Content/StarterContent/Props/SM_WindowFrame.uasset" to "../../../../../../Users/Jo/Documents/GitHub/probaaaa1/Content/StarterContent/Props/SM_WindowFrame.uasset"
[2017.03.26-11.00.53:572][  0]LogPackFactory: Copied "../../../Samples/StarterContent/Content/StarterContent/Props/Materials/M_Bush.uasset" to "../../../../../../Users/Jo/Documents/GitHub/probaaaa1/Content/StarterContent/Props/Materials/M_Bush.uasset"
[2017.03.26-11.00.53:579][  0]LogPackFactory: Copied "../../../Samples/StarterContent/Content/StarterContent/Props/Materials/M_Chair.uasset" to "../../../../../../Users/Jo/Documents/GitHub/probaaaa1/Content/StarterContent/Props/Materials/M_Chair.uasset"
[2017.03.26-11.00.53:600][  0]LogPackFactory: Copied "../../../Samples/StarterContent/Content/StarterContent/Props/Materials/M_Door.uasset" to "../../../../../../Users/Jo/Documents/GitHub/probaaaa1/Content/StarterContent/Props/Materials/M_Door.uasset"
[2017.03.26-11.00.53:614][  0]LogPackFactory: Copied "../../../Samples/StarterContent/Content/StarterContent/Props/Materials/M_Frame.uasset" to "../../../../../../Users/Jo/Documents/GitHub/probaaaa1/Content/StarterContent/Props/Materials/M_Frame.uasset"
[2017.03.26-11.00.53:632][  0]LogPackFactory: Copied "../../../Samples/StarterContent/Content/StarterContent/Props/Materials/M_Lamp.uasset" to "../../../../../../Users/Jo/Documents/GitHub/probaaaa1/Content/StarterContent/Props/Materials/M_Lamp.uasset"
[2017.03.26-11.00.53:641][  0]LogPackFactory: Copied "../../../Samples/StarterContent/Content/StarterContent/Props/Materials/M_MaterialSphere.uasset" to "../../../../../../Users/Jo/Documents/GitHub/probaaaa1/Content/StarterContent/Props/Materials/M_MaterialSphere.uasset"
[2017.03.26-11.00.53:652][  0]LogPackFactory: Copied "../../../Samples/StarterContent/Content/StarterContent/Props/Materials/M_MaterialSphere_Plain.uasset" to "../../../../../../Users/Jo/Documents/GitHub/probaaaa1/Content/StarterContent/Props/Materials/M_MaterialSphere_Plain.uasset"
[2017.03.26-11.00.53:661][  0]LogPackFactory: Copied "../../../Samples/StarterContent/Content/StarterContent/Props/Materials/M_Rock.uasset" to "../../../../../../Users/Jo/Documents/GitHub/probaaaa1/Content/StarterContent/Props/Materials/M_Rock.uasset"
[2017.03.26-11.00.53:674][  0]LogPackFactory: Copied "../../../Samples/StarterContent/Content/StarterContent/Props/Materials/M_Shelf.uasset" to "../../../../../../Users/Jo/Documents/GitHub/probaaaa1/Content/StarterContent/Props/Materials/M_Shelf.uasset"
[2017.03.26-11.00.53:682][  0]LogPackFactory: Copied "../../../Samples/StarterContent/Content/StarterContent/Props/Materials/M_Statue.uasset" to "../../../../../../Users/Jo/Documents/GitHub/probaaaa1/Content/StarterContent/Props/Materials/M_Statue.uasset"
[2017.03.26-11.00.53:690][  0]LogPackFactory: Copied "../../../Samples/StarterContent/Content/StarterContent/Props/Materials/M_StatueGlass.uasset" to "../../../../../../Users/Jo/Documents/GitHub/probaaaa1/Content/StarterContent/Props/Materials/M_StatueGlass.uasset"
[2017.03.26-11.00.53:700][  0]LogPackFactory: Copied "../../../Samples/StarterContent/Content/StarterContent/Props/Materials/M_TableRound.uasset" to "../../../../../../Users/Jo/Documents/GitHub/probaaaa1/Content/StarterContent/Props/Materials/M_TableRound.uasset"
[2017.03.26-11.00.53:708][  0]LogPackFactory: Copied "../../../Samples/StarterContent/Content/StarterContent/Shapes/Shape_Cone.uasset" to "../../../../../../Users/Jo/Documents/GitHub/probaaaa1/Content/StarterContent/Shapes/Shape_Cone.uasset"
[2017.03.26-11.00.53:719][  0]LogPackFactory: Copied "../../../Samples/StarterContent/Content/StarterContent/Shapes/Shape_Cube.uasset" to "../../../../../../Users/Jo/Documents/GitHub/probaaaa1/Content/StarterContent/Shapes/Shape_Cube.uasset"
[2017.03.26-11.00.53:730][  0]LogPackFactory: Copied "../../../Samples/StarterContent/Content/StarterContent/Shapes/Shape_Cylinder.uasset" to "../../../../../../Users/Jo/Documents/GitHub/probaaaa1/Content/StarterContent/Shapes/Shape_Cylinder.uasset"
[2017.03.26-11.00.53:739][  0]LogPackFactory: Copied "../../../Samples/StarterContent/Content/StarterContent/Shapes/Shape_NarrowCapsule.uasset" to "../../../../../../Users/Jo/Documents/GitHub/probaaaa1/Content/StarterContent/Shapes/Shape_NarrowCapsule.uasset"
[2017.03.26-11.00.53:749][  0]LogPackFactory: Copied "../../../Samples/StarterContent/Content/StarterContent/Shapes/Shape_Pipe.uasset" to "../../../../../../Users/Jo/Documents/GitHub/probaaaa1/Content/StarterContent/Shapes/Shape_Pipe.uasset"
[2017.03.26-11.00.53:763][  0]LogPackFactory: Copied "../../../Samples/StarterContent/Content/StarterContent/Shapes/Shape_Pipe_180.uasset" to "../../../../../../Users/Jo/Documents/GitHub/probaaaa1/Content/StarterContent/Shapes/Shape_Pipe_180.uasset"
[2017.03.26-11.00.53:773][  0]LogPackFactory: Copied "../../../Samples/StarterContent/Content/StarterContent/Shapes/Shape_Pipe_90.uasset" to "../../../../../../Users/Jo/Documents/GitHub/probaaaa1/Content/StarterContent/Shapes/Shape_Pipe_90.uasset"
[2017.03.26-11.00.53:787][  0]LogPackFactory: Copied "../../../Samples/StarterContent/Content/StarterContent/Shapes/Shape_Plane.uasset" to "../../../../../../Users/Jo/Documents/GitHub/probaaaa1/Content/StarterContent/Shapes/Shape_Plane.uasset"
[2017.03.26-11.00.53:793][  0]LogPackFactory: Copied "../../../Samples/StarterContent/Content/StarterContent/Shapes/Shape_QuadPyramid.uasset" to "../../../../../../Users/Jo/Documents/GitHub/probaaaa1/Content/StarterContent/Shapes/Shape_QuadPyramid.uasset"
[2017.03.26-11.00.53:807][  0]LogPackFactory: Copied "../../../Samples/StarterContent/Content/StarterContent/Shapes/Shape_Sphere.uasset" to "../../../../../../Users/Jo/Documents/GitHub/probaaaa1/Content/StarterContent/Shapes/Shape_Sphere.uasset"
[2017.03.26-11.00.53:819][  0]LogPackFactory: Copied "../../../Samples/StarterContent/Content/StarterContent/Shapes/Shape_Torus.uasset" to "../../../../../../Users/Jo/Documents/GitHub/probaaaa1/Content/StarterContent/Shapes/Shape_Torus.uasset"
[2017.03.26-11.00.53:833][  0]LogPackFactory: Copied "../../../Samples/StarterContent/Content/StarterContent/Shapes/Shape_Trim.uasset" to "../../../../../../Users/Jo/Documents/GitHub/probaaaa1/Content/StarterContent/Shapes/Shape_Trim.uasset"
[2017.03.26-11.00.53:846][  0]LogPackFactory: Copied "../../../Samples/StarterContent/Content/StarterContent/Shapes/Shape_Trim_90_In.uasset" to "../../../../../../Users/Jo/Documents/GitHub/probaaaa1/Content/StarterContent/Shapes/Shape_Trim_90_In.uasset"
[2017.03.26-11.00.53:855][  0]LogPackFactory: Copied "../../../Samples/StarterContent/Content/StarterContent/Shapes/Shape_Trim_90_Out.uasset" to "../../../../../../Users/Jo/Documents/GitHub/probaaaa1/Content/StarterContent/Shapes/Shape_Trim_90_Out.uasset"
[2017.03.26-11.00.53:867][  0]LogPackFactory: Copied "../../../Samples/StarterContent/Content/StarterContent/Shapes/Shape_TriPyramid.uasset" to "../../../../../../Users/Jo/Documents/GitHub/probaaaa1/Content/StarterContent/Shapes/Shape_TriPyramid.uasset"
[2017.03.26-11.00.53:879][  0]LogPackFactory: Copied "../../../Samples/StarterContent/Content/StarterContent/Shapes/Shape_Tube.uasset" to "../../../../../../Users/Jo/Documents/GitHub/probaaaa1/Content/StarterContent/Shapes/Shape_Tube.uasset"
[2017.03.26-11.00.53:893][  0]LogPackFactory: Copied "../../../Samples/StarterContent/Content/StarterContent/Shapes/Shape_Wedge_A.uasset" to "../../../../../../Users/Jo/Documents/GitHub/probaaaa1/Content/StarterContent/Shapes/Shape_Wedge_A.uasset"
[2017.03.26-11.00.53:899][  0]LogPackFactory: Copied "../../../Samples/StarterContent/Content/StarterContent/Shapes/Shape_Wedge_B.uasset" to "../../../../../../Users/Jo/Documents/GitHub/probaaaa1/Content/StarterContent/Shapes/Shape_Wedge_B.uasset"
[2017.03.26-11.00.53:908][  0]LogPackFactory: Copied "../../../Samples/StarterContent/Content/StarterContent/Shapes/Shape_WideCapsule.uasset" to "../../../../../../Users/Jo/Documents/GitHub/probaaaa1/Content/StarterContent/Shapes/Shape_WideCapsule.uasset"
[2017.03.26-11.00.53:955][  0]LogPackFactory: Copied "../../../Samples/StarterContent/Content/StarterContent/Textures/T_Brick_Clay_Beveled_D.uasset" to "../../../../../../Users/Jo/Documents/GitHub/probaaaa1/Content/StarterContent/Textures/T_Brick_Clay_Beveled_D.uasset"
[2017.03.26-11.00.54:074][  0]LogPackFactory: Copied "../../../Samples/StarterContent/Content/StarterContent/Textures/T_Brick_Clay_Beveled_M.uasset" to "../../../../../../Users/Jo/Documents/GitHub/probaaaa1/Content/StarterContent/Textures/T_Brick_Clay_Beveled_M.uasset"
[2017.03.26-11.00.54:161][  0]LogPackFactory: Copied "../../../Samples/StarterContent/Content/StarterContent/Textures/T_Brick_Clay_Beveled_N.uasset" to "../../../../../../Users/Jo/Documents/GitHub/probaaaa1/Content/StarterContent/Textures/T_Brick_Clay_Beveled_N.uasset"
[2017.03.26-11.00.54:609][  0]LogPackFactory: Copied "../../../Samples/StarterContent/Content/StarterContent/Textures/T_Brick_Clay_New_D.uasset" to "../../../../../../Users/Jo/Documents/GitHub/probaaaa1/Content/StarterContent/Textures/T_Brick_Clay_New_D.uasset"
[2017.03.26-11.00.54:787][  0]LogPackFactory: Copied "../../../Samples/StarterContent/Content/StarterContent/Textures/T_Brick_Clay_New_M.uasset" to "../../../../../../Users/Jo/Documents/GitHub/probaaaa1/Content/StarterContent/Textures/T_Brick_Clay_New_M.uasset"
[2017.03.26-11.00.54:859][  0]LogPackFactory: Copied "../../../Samples/StarterContent/Content/StarterContent/Textures/T_Brick_Clay_New_N.uasset" to "../../../../../../Users/Jo/Documents/GitHub/probaaaa1/Content/StarterContent/Textures/T_Brick_Clay_New_N.uasset"
[2017.03.26-11.00.54:925][  0]LogPackFactory: Copied "../../../Samples/StarterContent/Content/StarterContent/Textures/T_Brick_Clay_Old_D.uasset" to "../../../../../../Users/Jo/Documents/GitHub/probaaaa1/Content/StarterContent/Textures/T_Brick_Clay_Old_D.uasset"
[2017.03.26-11.00.55:013][  0]LogPackFactory: Copied "../../../Samples/StarterContent/Content/StarterContent/Textures/T_Brick_Clay_Old_N.uasset" to "../../../../../../Users/Jo/Documents/GitHub/probaaaa1/Content/StarterContent/Textures/T_Brick_Clay_Old_N.uasset"
[2017.03.26-11.00.55:804][  0]LogPackFactory: Copied "../../../Samples/StarterContent/Content/StarterContent/Textures/T_Brick_Cut_Stone_D.uasset" to "../../../../../../Users/Jo/Documents/GitHub/probaaaa1/Content/StarterContent/Textures/T_Brick_Cut_Stone_D.uasset"
[2017.03.26-11.00.55:845][  0]LogPackFactory: Copied "../../../Samples/StarterContent/Content/StarterContent/Textures/T_Brick_Cut_Stone_N.uasset" to "../../../../../../Users/Jo/Documents/GitHub/probaaaa1/Content/StarterContent/Textures/T_Brick_Cut_Stone_N.uasset"
[2017.03.26-11.00.55:908][  0]LogPackFactory: Copied "../../../Samples/StarterContent/Content/StarterContent/Textures/T_Brick_Hewn_Stone_D.uasset" to "../../../../../../Users/Jo/Documents/GitHub/probaaaa1/Content/StarterContent/Textures/T_Brick_Hewn_Stone_D.uasset"
[2017.03.26-11.00.55:967][  0]LogPackFactory: Copied "../../../Samples/StarterContent/Content/StarterContent/Textures/T_Brick_Hewn_Stone_M.uasset" to "../../../../../../Users/Jo/Documents/GitHub/probaaaa1/Content/StarterContent/Textures/T_Brick_Hewn_Stone_M.uasset"
[2017.03.26-11.00.56:013][  0]LogPackFactory: Copied "../../../Samples/StarterContent/Content/StarterContent/Textures/T_Brick_Hewn_Stone_N.uasset" to "../../../../../../Users/Jo/Documents/GitHub/probaaaa1/Content/StarterContent/Textures/T_Brick_Hewn_Stone_N.uasset"
[2017.03.26-11.00.56:040][  0]LogPackFactory: Copied "../../../Samples/StarterContent/Content/StarterContent/Textures/T_Burst_M.uasset" to "../../../../../../Users/Jo/Documents/GitHub/probaaaa1/Content/StarterContent/Textures/T_Burst_M.uasset"
[2017.03.26-11.00.56:056][  0]LogPackFactory: Copied "../../../Samples/StarterContent/Content/StarterContent/Textures/T_Bush_D.uasset" to "../../../../../../Users/Jo/Documents/GitHub/probaaaa1/Content/StarterContent/Textures/T_Bush_D.uasset"
[2017.03.26-11.00.56:067][  0]LogPackFactory: Copied "../../../Samples/StarterContent/Content/StarterContent/Textures/T_Bush_N.uasset" to "../../../../../../Users/Jo/Documents/GitHub/probaaaa1/Content/StarterContent/Textures/T_Bush_N.uasset"
[2017.03.26-11.00.56:083][  0]LogPackFactory: Copied "../../../Samples/StarterContent/Content/StarterContent/Textures/T_Ceramic_Tile_M.uasset" to "../../../../../../Users/Jo/Documents/GitHub/probaaaa1/Content/StarterContent/Textures/T_Ceramic_Tile_M.uasset"
[2017.03.26-11.00.56:091][  0]LogPackFactory: Copied "../../../Samples/StarterContent/Content/StarterContent/Textures/T_Ceramic_Tile_N.uasset" to "../../../../../../Users/Jo/Documents/GitHub/probaaaa1/Content/StarterContent/Textures/T_Ceramic_Tile_N.uasset"
[2017.03.26-11.00.56:112][  0]LogPackFactory: Copied "../../../Samples/StarterContent/Content/StarterContent/Textures/T_Chair_M.uasset" to "../../../../../../Users/Jo/Documents/GitHub/probaaaa1/Content/StarterContent/Textures/T_Chair_M.uasset"
[2017.03.26-11.00.56:139][  0]LogPackFactory: Copied "../../../Samples/StarterContent/Content/StarterContent/Textures/T_Chair_N.uasset" to "../../../../../../Users/Jo/Documents/GitHub/probaaaa1/Content/StarterContent/Textures/T_Chair_N.uasset"
[2017.03.26-11.00.56:153][  0]LogPackFactory: Copied "../../../Samples/StarterContent/Content/StarterContent/Textures/T_Checker_Noise_M.uasset" to "../../../../../../Users/Jo/Documents/GitHub/probaaaa1/Content/StarterContent/Textures/T_Checker_Noise_M.uasset"
[2017.03.26-11.00.56:228][  0]LogPackFactory: Copied "../../../Samples/StarterContent/Content/StarterContent/Textures/T_CobbleStone_Pebble_D.uasset" to "../../../../../../Users/Jo/Documents/GitHub/probaaaa1/Content/StarterContent/Textures/T_CobbleStone_Pebble_D.uasset"
[2017.03.26-11.00.56:245][  0]LogPackFactory: Copied "../../../Samples/StarterContent/Content/StarterContent/Textures/T_CobbleStone_Pebble_M.uasset" to "../../../../../../Users/Jo/Documents/GitHub/probaaaa1/Content/StarterContent/Textures/T_CobbleStone_Pebble_M.uasset"
[2017.03.26-11.00.56:332][  0]LogPackFactory: Copied "../../../Samples/StarterContent/Content/StarterContent/Textures/T_CobbleStone_Pebble_N.uasset" to "../../../../../../Users/Jo/Documents/GitHub/probaaaa1/Content/StarterContent/Textures/T_CobbleStone_Pebble_N.uasset"
[2017.03.26-11.00.56:355][  0]LogPackFactory: Copied "../../../Samples/StarterContent/Content/StarterContent/Textures/T_CobbleStone_Rough_D.uasset" to "../../../../../../Users/Jo/Documents/GitHub/probaaaa1/Content/StarterContent/Textures/T_CobbleStone_Rough_D.uasset"
[2017.03.26-11.00.56:389][  0]LogPackFactory: Copied "../../../Samples/StarterContent/Content/StarterContent/Textures/T_CobbleStone_Rough_N.uasset" to "../../../../../../Users/Jo/Documents/GitHub/probaaaa1/Content/StarterContent/Textures/T_CobbleStone_Rough_N.uasset"
[2017.03.26-11.00.56:439][  0]LogPackFactory: Copied "../../../Samples/StarterContent/Content/StarterContent/Textures/T_CobbleStone_Smooth_D.uasset" to "../../../../../../Users/Jo/Documents/GitHub/probaaaa1/Content/StarterContent/Textures/T_CobbleStone_Smooth_D.uasset"
[2017.03.26-11.00.56:518][  0]LogPackFactory: Copied "../../../Samples/StarterContent/Content/StarterContent/Textures/T_CobbleStone_Smooth_M.uasset" to "../../../../../../Users/Jo/Documents/GitHub/probaaaa1/Content/StarterContent/Textures/T_CobbleStone_Smooth_M.uasset"
[2017.03.26-11.00.56:594][  0]LogPackFactory: Copied "../../../Samples/StarterContent/Content/StarterContent/Textures/T_CobbleStone_Smooth_N.uasset" to "../../../../../../Users/Jo/Documents/GitHub/probaaaa1/Content/StarterContent/Textures/T_CobbleStone_Smooth_N.uasset"
[2017.03.26-11.00.56:672][  0]LogPackFactory: Copied "../../../Samples/StarterContent/Content/StarterContent/Textures/T_Concrete_Grime_D.uasset" to "../../../../../../Users/Jo/Documents/GitHub/probaaaa1/Content/StarterContent/Textures/T_Concrete_Grime_D.uasset"
[2017.03.26-11.00.56:743][  0]LogPackFactory: Copied "../../../Samples/StarterContent/Content/StarterContent/Textures/T_Concrete_Panels_D.uasset" to "../../../../../../Users/Jo/Documents/GitHub/probaaaa1/Content/StarterContent/Textures/T_Concrete_Panels_D.uasset"
[2017.03.26-11.00.56:829][  0]LogPackFactory: Copied "../../../Samples/StarterContent/Content/StarterContent/Textures/T_Concrete_Panels_N.uasset" to "../../../../../../Users/Jo/Documents/GitHub/probaaaa1/Content/StarterContent/Textures/T_Concrete_Panels_N.uasset"
[2017.03.26-11.00.56:902][  0]LogPackFactory: Copied "../../../Samples/StarterContent/Content/StarterContent/Textures/T_Concrete_Poured_D.uasset" to "../../../../../../Users/Jo/Documents/GitHub/probaaaa1/Content/StarterContent/Textures/T_Concrete_Poured_D.uasset"
[2017.03.26-11.00.57:662][  0]LogPackFactory: Copied "../../../Samples/StarterContent/Content/StarterContent/Textures/T_Concrete_Poured_N.uasset" to "../../../../../../Users/Jo/Documents/GitHub/probaaaa1/Content/StarterContent/Textures/T_Concrete_Poured_N.uasset"
[2017.03.26-11.00.58:052][  0]LogPackFactory: Copied "../../../Samples/StarterContent/Content/StarterContent/Textures/T_Concrete_Tiles_D.uasset" to "../../../../../../Users/Jo/Documents/GitHub/probaaaa1/Content/StarterContent/Textures/T_Concrete_Tiles_D.uasset"
[2017.03.26-11.00.58:190][  0]LogPackFactory: Copied "../../../Samples/StarterContent/Content/StarterContent/Textures/T_Concrete_Tiles_M.uasset" to "../../../../../../Users/Jo/Documents/GitHub/probaaaa1/Content/StarterContent/Textures/T_Concrete_Tiles_M.uasset"
[2017.03.26-11.00.58:460][  0]LogPackFactory: Copied "../../../Samples/StarterContent/Content/StarterContent/Textures/T_Concrete_Tiles_N.uasset" to "../../../../../../Users/Jo/Documents/GitHub/probaaaa1/Content/StarterContent/Textures/T_Concrete_Tiles_N.uasset"
[2017.03.26-11.00.58:497][  0]LogPackFactory: Copied "../../../Samples/StarterContent/Content/StarterContent/Textures/T_Concrete_Tiles_Variation_M.uasset" to "../../../../../../Users/Jo/Documents/GitHub/probaaaa1/Content/StarterContent/Textures/T_Concrete_Tiles_Variation_M.uasset"
[2017.03.26-11.00.58:781][  0]LogPackFactory: Copied "../../../Samples/StarterContent/Content/StarterContent/Textures/T_Detail_Rocky_N.uasset" to "../../../../../../Users/Jo/Documents/GitHub/probaaaa1/Content/StarterContent/Textures/T_Detail_Rocky_N.uasset"
[2017.03.26-11.00.58:817][  0]LogPackFactory: Copied "../../../Samples/StarterContent/Content/StarterContent/Textures/T_Door_M.uasset" to "../../../../../../Users/Jo/Documents/GitHub/probaaaa1/Content/StarterContent/Textures/T_Door_M.uasset"
[2017.03.26-11.00.58:898][  0]LogPackFactory: Copied "../../../Samples/StarterContent/Content/StarterContent/Textures/T_Door_N.uasset" to "../../../../../../Users/Jo/Documents/GitHub/probaaaa1/Content/StarterContent/Textures/T_Door_N.uasset"
[2017.03.26-11.00.58:914][  0]LogPackFactory: Copied "../../../Samples/StarterContent/Content/StarterContent/Textures/T_Dust_Particle_D.uasset" to "../../../../../../Users/Jo/Documents/GitHub/probaaaa1/Content/StarterContent/Textures/T_Dust_Particle_D.uasset"
[2017.03.26-11.00.58:993][  0]LogPackFactory: Copied "../../../Samples/StarterContent/Content/StarterContent/Textures/T_Explosion_SubUV.uasset" to "../../../../../../Users/Jo/Documents/GitHub/probaaaa1/Content/StarterContent/Textures/T_Explosion_SubUV.uasset"
[2017.03.26-11.00.59:007][  0]LogPackFactory: Copied "../../../Samples/StarterContent/Content/StarterContent/Textures/T_Fire_SubUV.uasset" to "../../../../../../Users/Jo/Documents/GitHub/probaaaa1/Content/StarterContent/Textures/T_Fire_SubUV.uasset"
[2017.03.26-11.00.59:020][  0]LogPackFactory: Copied "../../../Samples/StarterContent/Content/StarterContent/Textures/T_Fire_Tiled_D.uasset" to "../../../../../../Users/Jo/Documents/GitHub/probaaaa1/Content/StarterContent/Textures/T_Fire_Tiled_D.uasset"
[2017.03.26-11.00.59:028][  0]LogPackFactory: Copied "../../../Samples/StarterContent/Content/StarterContent/Textures/T_Frame_M.uasset" to "../../../../../../Users/Jo/Documents/GitHub/probaaaa1/Content/StarterContent/Textures/T_Frame_M.uasset"
[2017.03.26-11.00.59:055][  0]LogPackFactory: Copied "../../../Samples/StarterContent/Content/StarterContent/Textures/T_Frame_N.uasset" to "../../../../../../Users/Jo/Documents/GitHub/probaaaa1/Content/StarterContent/Textures/T_Frame_N.uasset"
[2017.03.26-11.00.59:070][  0]LogPackFactory: Copied "../../../Samples/StarterContent/Content/StarterContent/Textures/T_Gradinet_01.uasset" to "../../../../../../Users/Jo/Documents/GitHub/probaaaa1/Content/StarterContent/Textures/T_Gradinet_01.uasset"
[2017.03.26-11.00.59:150][  0]LogPackFactory: Copied "../../../Samples/StarterContent/Content/StarterContent/Textures/T_Ground_Grass_D.uasset" to "../../../../../../Users/Jo/Documents/GitHub/probaaaa1/Content/StarterContent/Textures/T_Ground_Grass_D.uasset"
[2017.03.26-11.00.59:213][  0]LogPackFactory: Copied "../../../Samples/StarterContent/Content/StarterContent/Textures/T_Ground_Grass_N.uasset" to "../../../../../../Users/Jo/Documents/GitHub/probaaaa1/Content/StarterContent/Textures/T_Ground_Grass_N.uasset"
[2017.03.26-11.00.59:296][  0]LogPackFactory: Copied "../../../Samples/StarterContent/Content/StarterContent/Textures/T_Ground_Gravel_D.uasset" to "../../../../../../Users/Jo/Documents/GitHub/probaaaa1/Content/StarterContent/Textures/T_Ground_Gravel_D.uasset"
[2017.03.26-11.00.59:344][  0]LogPackFactory: Copied "../../../Samples/StarterContent/Content/StarterContent/Textures/T_Ground_Gravel_N.uasset" to "../../../../../../Users/Jo/Documents/GitHub/probaaaa1/Content/StarterContent/Textures/T_Ground_Gravel_N.uasset"
[2017.03.26-11.00.59:431][  0]LogPackFactory: Copied "../../../Samples/StarterContent/Content/StarterContent/Textures/T_ground_Moss_D.uasset" to "../../../../../../Users/Jo/Documents/GitHub/probaaaa1/Content/StarterContent/Textures/T_ground_Moss_D.uasset"
[2017.03.26-11.00.59:519][  0]LogPackFactory: Copied "../../../Samples/StarterContent/Content/StarterContent/Textures/T_Ground_Moss_N.uasset" to "../../../../../../Users/Jo/Documents/GitHub/probaaaa1/Content/StarterContent/Textures/T_Ground_Moss_N.uasset"
[2017.03.26-11.00.59:542][  0]LogPackFactory: Copied "../../../Samples/StarterContent/Content/StarterContent/Textures/T_Lamp_M.uasset" to "../../../../../../Users/Jo/Documents/GitHub/probaaaa1/Content/StarterContent/Textures/T_Lamp_M.uasset"
[2017.03.26-11.00.59:564][  0]LogPackFactory: Copied "../../../Samples/StarterContent/Content/StarterContent/Textures/T_Lamp_N.uasset" to "../../../../../../Users/Jo/Documents/GitHub/probaaaa1/Content/StarterContent/Textures/T_Lamp_N.uasset"
[2017.03.26-11.00.59:625][  0]LogPackFactory: Copied "../../../Samples/StarterContent/Content/StarterContent/Textures/T_MacroVariation.uasset" to "../../../../../../Users/Jo/Documents/GitHub/probaaaa1/Content/StarterContent/Textures/T_MacroVariation.uasset"
[2017.03.26-11.01.00:538][  0]LogPackFactory: Copied "../../../Samples/StarterContent/Content/StarterContent/Textures/T_Metal_Aluminum_D.uasset" to "../../../../../../Users/Jo/Documents/GitHub/probaaaa1/Content/StarterContent/Textures/T_Metal_Aluminum_D.uasset"
[2017.03.26-11.01.00:592][  0]LogPackFactory: Copied "../../../Samples/StarterContent/Content/StarterContent/Textures/T_Metal_Copper_D.uasset" to "../../../../../../Users/Jo/Documents/GitHub/probaaaa1/Content/StarterContent/Textures/T_Metal_Copper_D.uasset"
[2017.03.26-11.01.00:640][  0]LogPackFactory: Copied "../../../Samples/StarterContent/Content/StarterContent/Textures/T_Metal_Gold_D.uasset" to "../../../../../../Users/Jo/Documents/GitHub/probaaaa1/Content/StarterContent/Textures/T_Metal_Gold_D.uasset"
[2017.03.26-11.01.00:708][  0]LogPackFactory: Copied "../../../Samples/StarterContent/Content/StarterContent/Textures/T_Metal_Gold_N.uasset" to "../../../../../../Users/Jo/Documents/GitHub/probaaaa1/Content/StarterContent/Textures/T_Metal_Gold_N.uasset"
[2017.03.26-11.01.00:790][  0]LogPackFactory: Copied "../../../Samples/StarterContent/Content/StarterContent/Textures/T_Metal_Rust_D.uasset" to "../../../../../../Users/Jo/Documents/GitHub/probaaaa1/Content/StarterContent/Textures/T_Metal_Rust_D.uasset"
[2017.03.26-11.01.00:861][  0]LogPackFactory: Copied "../../../Samples/StarterContent/Content/StarterContent/Textures/T_Metal_Rust_N.uasset" to "../../../../../../Users/Jo/Documents/GitHub/probaaaa1/Content/StarterContent/Textures/T_Metal_Rust_N.uasset"
[2017.03.26-11.01.00:885][  0]LogPackFactory: Copied "../../../Samples/StarterContent/Content/StarterContent/Textures/T_Metal_Steel_D.uasset" to "../../../../../../Users/Jo/Documents/GitHub/probaaaa1/Content/StarterContent/Textures/T_Metal_Steel_D.uasset"
[2017.03.26-11.01.00:923][  0]LogPackFactory: Copied "../../../Samples/StarterContent/Content/StarterContent/Textures/T_Metal_Steel_N.uasset" to "../../../../../../Users/Jo/Documents/GitHub/probaaaa1/Content/StarterContent/Textures/T_Metal_Steel_N.uasset"
[2017.03.26-11.01.00:983][  0]LogPackFactory: Copied "../../../Samples/StarterContent/Content/StarterContent/Textures/T_Perlin_Noise_M.uasset" to "../../../../../../Users/Jo/Documents/GitHub/probaaaa1/Content/StarterContent/Textures/T_Perlin_Noise_M.uasset"
[2017.03.26-11.01.01:363][  0]LogPackFactory: Copied "../../../Samples/StarterContent/Content/StarterContent/Textures/T_RockMesh_M.uasset" to "../../../../../../Users/Jo/Documents/GitHub/probaaaa1/Content/StarterContent/Textures/T_RockMesh_M.uasset"
[2017.03.26-11.01.01:703][  0]LogPackFactory: Copied "../../../Samples/StarterContent/Content/StarterContent/Textures/T_RockMesh_N.uasset" to "../../../../../../Users/Jo/Documents/GitHub/probaaaa1/Content/StarterContent/Textures/T_RockMesh_N.uasset"
[2017.03.26-11.01.01:803][  0]LogPackFactory: Copied "../../../Samples/StarterContent/Content/StarterContent/Textures/T_Rock_Basalt_D.uasset" to "../../../../../../Users/Jo/Documents/GitHub/probaaaa1/Content/StarterContent/Textures/T_Rock_Basalt_D.uasset"
[2017.03.26-11.01.01:850][  0]LogPackFactory: Copied "../../../Samples/StarterContent/Content/StarterContent/Textures/T_Rock_Basalt_N.uasset" to "../../../../../../Users/Jo/Documents/GitHub/probaaaa1/Content/StarterContent/Textures/T_Rock_Basalt_N.uasset"
[2017.03.26-11.01.01:920][  0]LogPackFactory: Copied "../../../Samples/StarterContent/Content/StarterContent/Textures/T_Rock_Marble_Polished_D.uasset" to "../../../../../../Users/Jo/Documents/GitHub/probaaaa1/Content/StarterContent/Textures/T_Rock_Marble_Polished_D.uasset"
[2017.03.26-11.01.02:037][  0]LogPackFactory: Copied "../../../Samples/StarterContent/Content/StarterContent/Textures/T_Rock_Sandstone_D.uasset" to "../../../../../../Users/Jo/Documents/GitHub/probaaaa1/Content/StarterContent/Textures/T_Rock_Sandstone_D.uasset"
[2017.03.26-11.01.02:081][  0]LogPackFactory: Copied "../../../Samples/StarterContent/Content/StarterContent/Textures/T_Rock_Sandstone_N.uasset" to "../../../../../../Users/Jo/Documents/GitHub/probaaaa1/Content/StarterContent/Textures/T_Rock_Sandstone_N.uasset"
[2017.03.26-11.01.02:147][  0]LogPackFactory: Copied "../../../Samples/StarterContent/Content/StarterContent/Textures/T_Rock_Slate_D.uasset" to "../../../../../../Users/Jo/Documents/GitHub/probaaaa1/Content/StarterContent/Textures/T_Rock_Slate_D.uasset"
[2017.03.26-11.01.02:226][  0]LogPackFactory: Copied "../../../Samples/StarterContent/Content/StarterContent/Textures/T_Rock_Slate_N.uasset" to "../../../../../../Users/Jo/Documents/GitHub/probaaaa1/Content/StarterContent/Textures/T_Rock_Slate_N.uasset"
[2017.03.26-11.01.02:341][  0]LogPackFactory: Copied "../../../Samples/StarterContent/Content/StarterContent/Textures/T_Rock_Smooth_Granite_D.uasset" to "../../../../../../Users/Jo/Documents/GitHub/probaaaa1/Content/StarterContent/Textures/T_Rock_Smooth_Granite_D.uasset"
[2017.03.26-11.01.02:361][  0]LogPackFactory: Copied "../../../Samples/StarterContent/Content/StarterContent/Textures/T_Shelf_M.uasset" to "../../../../../../Users/Jo/Documents/GitHub/probaaaa1/Content/StarterContent/Textures/T_Shelf_M.uasset"
[2017.03.26-11.01.02:385][  0]LogPackFactory: Copied "../../../Samples/StarterContent/Content/StarterContent/Textures/T_Shelf_N.uasset" to "../../../../../../Users/Jo/Documents/GitHub/probaaaa1/Content/StarterContent/Textures/T_Shelf_N.uasset"
[2017.03.26-11.01.02:395][  0]LogPackFactory: Copied "../../../Samples/StarterContent/Content/StarterContent/Textures/T_Single_Tile_N.uasset" to "../../../../../../Users/Jo/Documents/GitHub/probaaaa1/Content/StarterContent/Textures/T_Single_Tile_N.uasset"
[2017.03.26-11.01.03:005][  0]LogPackFactory: Copied "../../../Samples/StarterContent/Content/StarterContent/Textures/T_Smoke_SubUV.uasset" to "../../../../../../Users/Jo/Documents/GitHub/probaaaa1/Content/StarterContent/Textures/T_Smoke_SubUV.uasset"
[2017.03.26-11.01.03:070][  0]LogPackFactory: Copied "../../../Samples/StarterContent/Content/StarterContent/Textures/T_Smoke_Tiled_D.uasset" to "../../../../../../Users/Jo/Documents/GitHub/probaaaa1/Content/StarterContent/Textures/T_Smoke_Tiled_D.uasset"
[2017.03.26-11.01.03:252][  0]LogPackFactory: Copied "../../../Samples/StarterContent/Content/StarterContent/Textures/T_Spark_Core.uasset" to "../../../../../../Users/Jo/Documents/GitHub/probaaaa1/Content/StarterContent/Textures/T_Spark_Core.uasset"
[2017.03.26-11.01.03:332][  0]LogPackFactory: Copied "../../../Samples/StarterContent/Content/StarterContent/Textures/T_Statue_M.uasset" to "../../../../../../Users/Jo/Documents/GitHub/probaaaa1/Content/StarterContent/Textures/T_Statue_M.uasset"
[2017.03.26-11.01.03:342][  0]LogPackFactory: Copied "../../../Samples/StarterContent/Content/StarterContent/Textures/T_Statue_N.uasset" to "../../../../../../Users/Jo/Documents/GitHub/probaaaa1/Content/StarterContent/Textures/T_Statue_N.uasset"
[2017.03.26-11.01.03:369][  0]LogPackFactory: Copied "../../../Samples/StarterContent/Content/StarterContent/Textures/T_TableRound_M.uasset" to "../../../../../../Users/Jo/Documents/GitHub/probaaaa1/Content/StarterContent/Textures/T_TableRound_M.uasset"
[2017.03.26-11.01.03:387][  0]LogPackFactory: Copied "../../../Samples/StarterContent/Content/StarterContent/Textures/T_TableRound_N.uasset" to "../../../../../../Users/Jo/Documents/GitHub/probaaaa1/Content/StarterContent/Textures/T_TableRound_N.uasset"
[2017.03.26-11.01.03:403][  0]LogPackFactory: Copied "../../../Samples/StarterContent/Content/StarterContent/Textures/T_Tech_Dot_M.uasset" to "../../../../../../Users/Jo/Documents/GitHub/probaaaa1/Content/StarterContent/Textures/T_Tech_Dot_M.uasset"
[2017.03.26-11.01.03:412][  0]LogPackFactory: Copied "../../../Samples/StarterContent/Content/StarterContent/Textures/T_Tech_Dot_N.uasset" to "../../../../../../Users/Jo/Documents/GitHub/probaaaa1/Content/StarterContent/Textures/T_Tech_Dot_N.uasset"
[2017.03.26-11.01.03:428][  0]LogPackFactory: Copied "../../../Samples/StarterContent/Content/StarterContent/Textures/T_Tech_Hex_Tile_M.uasset" to "../../../../../../Users/Jo/Documents/GitHub/probaaaa1/Content/StarterContent/Textures/T_Tech_Hex_Tile_M.uasset"
[2017.03.26-11.01.03:438][  0]LogPackFactory: Copied "../../../Samples/StarterContent/Content/StarterContent/Textures/T_Tech_Hex_Tile_N.uasset" to "../../../../../../Users/Jo/Documents/GitHub/probaaaa1/Content/StarterContent/Textures/T_Tech_Hex_Tile_N.uasset"
[2017.03.26-11.01.03:455][  0]LogPackFactory: Copied "../../../Samples/StarterContent/Content/StarterContent/Textures/T_Tech_Panel_M.uasset" to "../../../../../../Users/Jo/Documents/GitHub/probaaaa1/Content/StarterContent/Textures/T_Tech_Panel_M.uasset"
[2017.03.26-11.01.03:470][  0]LogPackFactory: Copied "../../../Samples/StarterContent/Content/StarterContent/Textures/T_Tech_Panel_N.uasset" to "../../../../../../Users/Jo/Documents/GitHub/probaaaa1/Content/StarterContent/Textures/T_Tech_Panel_N.uasset"
[2017.03.26-11.01.03:487][  0]LogPackFactory: Copied "../../../Samples/StarterContent/Content/StarterContent/Textures/T_Water_M.uasset" to "../../../../../../Users/Jo/Documents/GitHub/probaaaa1/Content/StarterContent/Textures/T_Water_M.uasset"
[2017.03.26-11.01.03:507][  0]LogPackFactory: Copied "../../../Samples/StarterContent/Content/StarterContent/Textures/T_Water_N.uasset" to "../../../../../../Users/Jo/Documents/GitHub/probaaaa1/Content/StarterContent/Textures/T_Water_N.uasset"
[2017.03.26-11.01.03:539][  0]LogPackFactory: Copied "../../../Samples/StarterContent/Content/StarterContent/Textures/T_Wood_Floor_Walnut_D.uasset" to "../../../../../../Users/Jo/Documents/GitHub/probaaaa1/Content/StarterContent/Textures/T_Wood_Floor_Walnut_D.uasset"
[2017.03.26-11.01.03:567][  0]LogPackFactory: Copied "../../../Samples/StarterContent/Content/StarterContent/Textures/T_Wood_Floor_Walnut_M.uasset" to "../../../../../../Users/Jo/Documents/GitHub/probaaaa1/Content/StarterContent/Textures/T_Wood_Floor_Walnut_M.uasset"
[2017.03.26-11.01.03:593][  0]LogPackFactory: Copied "../../../Samples/StarterContent/Content/StarterContent/Textures/T_Wood_Floor_Walnut_N.uasset" to "../../../../../../Users/Jo/Documents/GitHub/probaaaa1/Content/StarterContent/Textures/T_Wood_Floor_Walnut_N.uasset"
[2017.03.26-11.01.03:639][  0]LogPackFactory: Copied "../../../Samples/StarterContent/Content/StarterContent/Textures/T_Wood_Oak_D.uasset" to "../../../../../../Users/Jo/Documents/GitHub/probaaaa1/Content/StarterContent/Textures/T_Wood_Oak_D.uasset"
[2017.03.26-11.01.03:682][  0]LogPackFactory: Copied "../../../Samples/StarterContent/Content/StarterContent/Textures/T_Wood_Oak_N.uasset" to "../../../../../../Users/Jo/Documents/GitHub/probaaaa1/Content/StarterContent/Textures/T_Wood_Oak_N.uasset"
[2017.03.26-11.01.04:365][  0]LogPackFactory: Copied "../../../Samples/StarterContent/Content/StarterContent/Textures/T_Wood_Pine_D.uasset" to "../../../../../../Users/Jo/Documents/GitHub/probaaaa1/Content/StarterContent/Textures/T_Wood_Pine_D.uasset"
[2017.03.26-11.01.04:655][  0]LogPackFactory: Copied "../../../Samples/StarterContent/Content/StarterContent/Textures/T_Wood_Pine_N.uasset" to "../../../../../../Users/Jo/Documents/GitHub/probaaaa1/Content/StarterContent/Textures/T_Wood_Pine_N.uasset"
[2017.03.26-11.01.04:726][  0]LogPackFactory: Copied "../../../Samples/StarterContent/Content/StarterContent/Textures/T_Wood_Walnut_D.uasset" to "../../../../../../Users/Jo/Documents/GitHub/probaaaa1/Content/StarterContent/Textures/T_Wood_Walnut_D.uasset"
[2017.03.26-11.01.04:785][  0]LogPackFactory: Copied "../../../Samples/StarterContent/Content/StarterContent/Textures/T_Wood_Walnut_N.uasset" to "../../../../../../Users/Jo/Documents/GitHub/probaaaa1/Content/StarterContent/Textures/T_Wood_Walnut_N.uasset"
[2017.03.26-11.01.05:054][  0]LogRenderer: Reallocating scene render targets to support 256x256 NumSamples 1 (Frame:2).
[2017.03.26-11.01.05:681][  0]LogSavePackage: Save=461.57ms
[2017.03.26-11.01.05:681][  0]LogSavePackage: Moving '../../../../../../Users/Jo/Documents/GitHub/probaaaa1/Saved/Floor_400x400FF780A054EC3161C4D9EC5B7733FB984.tmp' to '../../../../../../Users/Jo/Documents/GitHub/probaaaa1/Content/StarterContent/Architecture/Floor_400x400.uasset'
[2017.03.26-11.01.05:684][  0]LogSavePackage:Display: Finished SavePackage ../../../../../../Users/Jo/Documents/GitHub/probaaaa1/Content/StarterContent/Architecture/Floor_400x400.uasset
[2017.03.26-11.01.05:684][  0]LogFeaturePack:Warning: Inserted 1 feature packs
[2017.03.26-11.01.05:688][  0]Cmd: MAP LOAD FILE="../../../../../../Users/Jo/Documents/GitHub/probaaaa1/Content/RollingBP/Maps/RollingBPExampleMap.umap" TEMPLATE=0 SHOWPROGRESS=1 FEATURELEVEL=3
[2017.03.26-11.01.05:689][  0]LightingResults: New page: Lighting Build
[2017.03.26-11.01.05:757][  0]MapCheck: New page: Map Check
[2017.03.26-11.01.05:757][  0]LightingResults: New page: Lighting Build
[2017.03.26-11.01.06:212][  0]LogAIModule: Creating AISystem for world RollingBPExampleMap
[2017.03.26-11.01.06:227][  0]LogEditorServer: Finished looking for orphan Actors (0.000 secs)
[2017.03.26-11.01.06:228][  0]Cmd: MAP CHECKDEP NOCLEARLOG
[2017.03.26-11.01.06:347][  0]MapCheck: Info Map check complete: 0 Error(s), 0 Warning(s), took 119.406ms to complete.
[2017.03.26-11.01.06:347][  0]LogFileHelpers: Loading map 'RollingBPExampleMap' took 0.660
[2017.03.26-11.01.06:412][  0]LogWindowsTextInputMethodSystem:Display: IME system now deactivated.
[2017.03.26-11.01.06:608][  0]LogCollectionManager: Loaded 0 collections in 0.001698 seconds
[2017.03.26-11.01.06:833][  0]LogFileCache: Scanning file cache for directory 'C:/Users/Jo/Documents/GitHub/probaaaa1/Saved/Collections/' took 0.01s
[2017.03.26-11.01.06:833][  0]LogFileCache: Scanning file cache for directory 'C:/Users/Jo/Documents/GitHub/probaaaa1/Content/Developers/Jo/Collections/' took 0.02s
[2017.03.26-11.01.06:833][  0]LogFileCache: Scanning file cache for directory 'C:/Users/Jo/Documents/GitHub/probaaaa1/Content/Collections/' took 0.01s
[2017.03.26-11.01.06:833][  0]LogCollectionManager: Rebuilt the GUID cache for 0 collections in 0.000002 seconds
[2017.03.26-11.01.06:851][  0]LogContentBrowser: Native class hierarchy populated in 0.0167 seconds. Added 2244 classes and 450 folders.
[2017.03.26-11.01.06:856][  0]LogStats: UGameplayTagsManager::ConstructGameplayTagTree: Construct from data asset -  0.000 s
[2017.03.26-11.01.06:856][  0]LogStats: UGameplayTagsManager::ConstructGameplayTagTree: GameplayTagTreeChangedEvent.Broadcast -  0.000 s
[2017.03.26-11.01.06:954][  0]LogContentBrowser: Native class hierarchy updated for 'WidgetCarousel' in 0.0005 seconds. Added 0 classes and 0 folders.
[2017.03.26-11.01.07:028][  0]LogContentBrowser: Native class hierarchy updated for 'AddContentDialog' in 0.0005 seconds. Added 0 classes and 0 folders.
[2017.03.26-11.01.07:096][  0]LogContentBrowser: Native class hierarchy updated for 'SceneOutliner' in 0.0005 seconds. Added 1 classes and 2 folders.
[2017.03.26-11.01.07:163][  0]LogCrashTracker: Crashtracker disabled due to settings.
[2017.03.26-11.01.07:169][  0]LogUObjectGlobals:Warning: Failed to find object 'Class None.'
[2017.03.26-11.01.07:259][  0]LogContentBrowser: Native class hierarchy updated for 'HierarchicalLODOutliner' in 0.0009 seconds. Added 1 classes and 2 folders.
[2017.03.26-11.01.07:259][  0]LogLoad: (Engine Initialization) Total time: 40.21 seconds
[2017.03.26-11.01.07:259][  0]LogLoad: (Engine Initialization) Total Blueprint compile time: 0.24 seconds
[2017.03.26-11.01.07:259][  0]LogExternalProfiler: No external profilers were discovered.  External profiling features will not be available.
[2017.03.26-11.01.07:269][  0]LogOcInput: OculusInput pre-init called
[2017.03.26-11.01.07:494][  0]LogContentStreaming: Texture pool size now 1000 MB
[2017.03.26-11.01.07:496][  0]LogSlate: Took 0.000550 seconds to synchronously load lazily loaded font '../../../Engine/Content/Slate/Fonts/Roboto-Regular.ttf' (155K)
[2017.03.26-11.01.07:504][  0]LogSlate: Took 0.000768 seconds to synchronously load lazily loaded font '../../../Engine/Content/Slate/Fonts/Roboto-Bold.ttf' (160K)
[2017.03.26-11.01.07:513][  0]LogSlate: Took 0.000535 seconds to synchronously load lazily loaded font '../../../Engine/Content/Editor/Slate/Fonts/FontAwesome.ttf' (139K)
[2017.03.26-11.01.07:622][  0]LogRenderer: Reallocating scene render targets to support 932x536 NumSamples 1 (Frame:3).
[2017.03.26-11.01.07:622][  0]LogSlate: Took 0.000348 seconds to synchronously load lazily loaded font '../../../Engine/Content/Slate/Fonts/Roboto-Light.ttf' (159K)
[2017.03.26-11.01.07:980][  3]LogAssetRegistry: Asset discovery search completed in 29.8096 seconds
[2017.03.26-11.01.07:980][  3]LogCollectionManager: Rebuilt the object cache for 0 collections in 0.000009 seconds (found 0 objects)
[2017.03.26-11.01.07:980][  3]LogCollectionManager: Fixed up redirectors for 0 collections in 0.000031 seconds (updated 0 objects)
