Log file open, 03/26/17 13:06:37
LogInit:Display: Running engine for game: probaaaa1
LogPlatformFile: Not using cached read wrapper
LogInit:Display: RandInit(-1509288097) SRandInit(-1509288097).
LogTaskGraph: Started task graph with 5 named threads and 6 total threads with 1 sets of task threads.
LogStats: Stats thread started at 0.090131
LogInit: Using libcurl 7.47.1
LogInit:  - built for x86_64-pc-win32
LogInit:  - supports SSL with OpenSSL/1.0.2g
LogInit:  - supports HTTP deflate (compression) using libz 1.2.8
LogInit:  - other features:
LogInit:      CURL_VERSION_SSL
LogInit:      CURL_VERSION_LIBZ
LogInit:      CURL_VERSION_IPV6
LogInit:      CURL_VERSION_ASYNCHDNS
LogInit:      CURL_VERSION_LARGEFILE
LogInit:      CURL_VERSION_IDN
LogInit:  CurlRequestOptions (configurable via config and command line):
LogInit:  - bVerifyPeer = false  - Libcurl will NOT verify peer certificate
LogInit:  - bUseHttpProxy = false  - Libcurl will NOT use HTTP proxy
LogInit:  - bDontReuseConnections = false  - Libcurl will reuse connections
LogInit:  - CertBundlePath = nullptr  - Libcurl will use whatever was configured at build time.
LogInit: Build: ++UE4+Release-4.15-CL-3299760
LogInit: Engine Version: 4.15.0-3299760+++UE4+Release-4.15
LogInit: Compatible Engine Version: 4.15.0-3299760+++UE4+Release-4.15
LogInit: Net CL: 3299760
LogDevObjectVersion: Number of dev versions registered: 14
LogDevObjectVersion:   Dev-Blueprints (B0D832E4-1F89-4F0D-ACCF-7EB736FD4AA2): 8
LogDevObjectVersion:   Dev-Build (E1C64328-A22C-4D53-A36C-8E866417BD8C): 0
LogDevObjectVersion:   Dev-Core (375EC13C-06E4-48FB-B500-84F0262A717E): 2
LogDevObjectVersion:   Dev-Editor (E4B068ED-F494-42E9-A231-DA0B2E46BB41): 14
LogDevObjectVersion:   Dev-Framework (CFFC743F-43B0-4480-9391-14DF171D2073): 22
LogDevObjectVersion:   Dev-Mobile (B02B49B5-BB20-44E9-A304-32B752E40360): 0
LogDevObjectVersion:   Dev-Networking (A4E4105C-59A1-49B5-A7C5-40C4547EDFEE): 0
LogDevObjectVersion:   Dev-Online (39C831C9-5AE6-47DC-9A44-9C173E1C8E7C): 0
LogDevObjectVersion:   Dev-Physics (78F01B33-EBEA-4F98-B9B4-84EACCB95AA2): 0
LogDevObjectVersion:   Dev-Platform (6631380F-2D4D-43E0-8009-CF276956A95A): 0
LogDevObjectVersion:   Dev-Rendering (12F88B9F-8875-4AFC-A67C-D90C383ABD29): 12
LogDevObjectVersion:   Dev-Sequencer (7B5AE74C-D270-4C10-A958-57980B212A5A): 3
LogDevObjectVersion:   Dev-VR (D7296918-1DD6-4BDD-9DE2-64A83CC13884): 0
LogDevObjectVersion:   Dev-LoadTimes (C2A15278-BFE7-4AFE-6C17-90FF531DF755): 1
LogInit: Compiled (64-bit): Feb 14 2017 02:04:14
LogInit: Compiled with Visual C++: 19.00.23026.00
LogInit: Build Configuration: Development
LogInit: Branch Name: ++UE4+Release-4.15
LogInit: Command line:  
LogInit: Base directory: C:/Program Files/Epic Games/UE_4.15/Engine/Binaries/Win64/
LogInit: Installed Engine Build: 1
LogInit: Presizing for max 8388607 objects, including 0 objects not considered by GC, pre-allocating 0 bytes for permanent pool.
LogInit: Object subsystem initialized
[2017.03.26-11.06.38:833][  0]LogInit: Selected Device Profile: [Windows]
[2017.03.26-11.06.38:833][  0]LogInit: Applying CVar settings loaded from the selected device profile: [Windows]
[2017.03.26-11.06.38:853][  0]LogInit: Computer: JOVAN
[2017.03.26-11.06.38:853][  0]LogInit: User: Jo
[2017.03.26-11.06.38:853][  0]LogInit: CPU Page size=65536, Cores=2
[2017.03.26-11.06.38:853][  0]LogInit: High frequency timer resolution =3.312643 MHz
[2017.03.26-11.06.38:853][  0]LogMemory: Memory total: Physical=7.9GB (8GB approx)
[2017.03.26-11.06.38:853][  0]LogMemory: Platform Memory Stats for Windows
[2017.03.26-11.06.38:853][  0]LogMemory: Process Physical Memory: 260.46 MB used, 260.46 MB peak
[2017.03.26-11.06.38:853][  0]LogMemory: Process Virtual Memory: 262.08 MB used, 262.08 MB peak
[2017.03.26-11.06.38:853][  0]LogMemory: Physical Memory: 4039.46 MB used,  4046.56 MB free, 8086.02 MB total
[2017.03.26-11.06.38:855][  0]LogMemory: Virtual Memory: 624.08 MB used,  4046.56 MB free, 134217728.00 MB total
[2017.03.26-11.06.38:967][  0]LogTextLocalizationManager: No translations for ('sr-Latn-RS') exist, falling back to 'en' for localization and internationalization data.
[2017.03.26-11.06.40:032][  0]LogD3D11RHI: D3D11 adapters:
[2017.03.26-11.06.40:050][  0]LogD3D11RHI:    0. 'NVIDIA GeForce GT 730' (Feature Level 11_0)
[2017.03.26-11.06.40:050][  0]LogD3D11RHI:       1994/0/2047 MB DedicatedVideo/DedicatedSystem/SharedSystem, Outputs:2, VendorId:0x10de
[2017.03.26-11.06.40:057][  0]LogD3D11RHI:    1. 'Intel(R) HD Graphics 4400' (Feature Level 11_0)
[2017.03.26-11.06.40:057][  0]LogD3D11RHI:       32/0/1760 MB DedicatedVideo/DedicatedSystem/SharedSystem, Outputs:0, VendorId:0x8086
[2017.03.26-11.06.40:059][  0]LogD3D11RHI:    2. 'Microsoft Basic Render Driver' (Feature Level 11_0)
[2017.03.26-11.06.40:059][  0]LogD3D11RHI:       0/0/256 MB DedicatedVideo/DedicatedSystem/SharedSystem, Outputs:0, VendorId:0x1414
[2017.03.26-11.06.40:059][  0]LogD3D11RHI: Chosen D3D11 Adapter: 0
[2017.03.26-11.06.40:065][  0]LogD3D11RHI: Creating new Direct3DDevice
[2017.03.26-11.06.40:065][  0]LogD3D11RHI:     GPU DeviceId: 0xf02 (for the marketing name, search the web for "GPU Device Id")
[2017.03.26-11.06.40:065][  0]LogWindows: EnumDisplayDevices:
[2017.03.26-11.06.40:065][  0]LogWindows:    0. 'NVIDIA GeForce GT 730' (P:0 D:1)
[2017.03.26-11.06.40:066][  0]LogWindows:    1. 'NVIDIA GeForce GT 730' (P:1 D:1)
[2017.03.26-11.06.40:066][  0]LogWindows:    2. 'Intel(R) HD Graphics 4400' (P:0 D:0)
[2017.03.26-11.06.40:066][  0]LogWindows:    3. 'Intel(R) HD Graphics 4400' (P:0 D:0)
[2017.03.26-11.06.40:067][  0]LogWindows:    4. 'Intel(R) HD Graphics 4400' (P:0 D:0)
[2017.03.26-11.06.40:067][  0]LogWindows: DebugString: PrimaryIsNotTheChoosenAdapter PrimaryIsNotTheChoosenAdapter PrimaryIsNotTheChoosenAdapter FoundDriverCount:2 
[2017.03.26-11.06.40:067][  0]LogD3D11RHI:     Adapter Name: NVIDIA GeForce GT 730
[2017.03.26-11.06.40:067][  0]LogD3D11RHI:   Driver Version: 347.52 (internal:9.18.13.4752, unified:347.52)
[2017.03.26-11.06.40:067][  0]LogD3D11RHI:      Driver Date: 2-5-2015
[2017.03.26-11.06.40:067][  0]LogRHI: Texture pool is 1361 MB (70% of 1945 MB)
[2017.03.26-11.06.40:084][  0]LogD3D11RHI:Warning: Timestamp queries are currently disabled on this hardware due to instability. Realtime GPU stats will not be available. You can override this behaviour by setting r.NVIDIATimestampWorkaround to 0
[2017.03.26-11.06.40:092][  0]LogD3D11RHI: NvAPI_D3D_GetCurrentSLIState failed: 0xfffffff7
[2017.03.26-11.06.40:092][  0]LogD3D11RHI: Async texture creation enabled
[2017.03.26-11.06.40:111][  0]LogD3D11RHI: GPU Timing Frequency: 1000.000000 (Debug: 2 2)
[2017.03.26-11.06.40:114][  0]LogShaderCompilers: Guid format shader working directory is -10 characters bigger than the processId version (../../../../../../Users/Jo/Documents/GitHub/probaaaa1/Intermediate/Shaders/WorkingDirectory/1932/).
[2017.03.26-11.06.40:114][  0]LogShaderCompilers: Cleaned the shader compiler working directory 'C:/Users/Jo/AppData/Local/Temp/UnrealShaderWorkingDir/5E542BD24229D43FAA8558B1CEFA14BA/'.
[2017.03.26-11.06.40:114][  0]LogShaderCompilers:Display: Using Local Shader Compiler.
[2017.03.26-11.06.42:322][  0]LogTemp:Display: Loaded TP AllDesktopTargetPlatform
[2017.03.26-11.06.42:413][  0]LogTemp:Display: Loaded TP MacClientTargetPlatform
[2017.03.26-11.06.42:515][  0]LogTemp:Display: Loaded TP MacNoEditorTargetPlatform
[2017.03.26-11.06.42:618][  0]LogTemp:Display: Loaded TP MacServerTargetPlatform
[2017.03.26-11.06.42:705][  0]LogTemp:Display: Loaded TP MacTargetPlatform
[2017.03.26-11.06.42:803][  0]LogTemp:Display: Loaded TP WindowsClientTargetPlatform
[2017.03.26-11.06.42:890][  0]LogTemp:Display: Loaded TP WindowsNoEditorTargetPlatform
[2017.03.26-11.06.42:977][  0]LogTemp:Display: Loaded TP WindowsServerTargetPlatform
[2017.03.26-11.06.43:059][  0]LogTemp:Display: Loaded TP WindowsTargetPlatform
[2017.03.26-11.06.43:158][  0]LogTemp:Display: Loaded TP AndroidTargetPlatform
[2017.03.26-11.06.43:244][  0]LogTemp:Display: Loaded TP Android_ASTCTargetPlatform
[2017.03.26-11.06.43:348][  0]LogTemp:Display: Loaded TP Android_ATCTargetPlatform
[2017.03.26-11.06.43:437][  0]LogTemp:Display: Loaded TP Android_DXTTargetPlatform
[2017.03.26-11.06.43:540][  0]LogTemp:Display: Loaded TP Android_ETC1TargetPlatform
[2017.03.26-11.06.43:626][  0]LogTemp:Display: Loaded TP Android_ETC2TargetPlatform
[2017.03.26-11.06.43:817][  0]LogTemp:Display: Loaded TP Android_MultiTargetPlatform
[2017.03.26-11.06.43:817][  0]LogTemp:Display: Loaded TP Android_PVRTCTargetPlatform
[2017.03.26-11.06.43:881][  0]LogTemp:Display: Loaded TP HTML5TargetPlatform
[2017.03.26-11.06.44:037][  0]LogTemp:Display: Loaded TP IOSTargetPlatform
[2017.03.26-11.06.44:095][  0]LogTemp:Display: Loaded TP TVOSTargetPlatform
[2017.03.26-11.06.44:187][  0]LogTemp:Display: Loaded TP LinuxClientTargetPlatform
[2017.03.26-11.06.44:286][  0]LogTemp:Display: Loaded TP LinuxNoEditorTargetPlatform
[2017.03.26-11.06.44:378][  0]LogTemp:Display: Loaded TP LinuxServerTargetPlatform
[2017.03.26-11.06.44:479][  0]LogTemp:Display: Loaded TP LinuxTargetPlatform
[2017.03.26-11.06.44:479][  0]LogTargetPlatformManager:Display: Building Assets For Windows
[2017.03.26-11.06.45:180][  0]LogDerivedDataCache:Display: Max Cache Size: 512 MB
[2017.03.26-11.06.45:291][  0]LogDerivedDataCache: Loaded boot cache 0.11s 50MB C:/Users/Jo/AppData/Local/UnrealEngine/4.15/DerivedDataCache/Boot.ddc.
[2017.03.26-11.06.45:292][  0]LogDerivedDataCache:Display: Loaded Boot cache: C:/Users/Jo/AppData/Local/UnrealEngine/4.15/DerivedDataCache/Boot.ddc
[2017.03.26-11.06.45:292][  0]LogDerivedDataCache: FDerivedDataBackendGraph:  Pak pak cache file ../../../../../../Users/Jo/Documents/GitHub/probaaaa1/DerivedDataCache/DDC.ddp not found, will not use a pak cache.
[2017.03.26-11.06.45:292][  0]LogDerivedDataCache: Unable to find inner node Pak for hierarchical cache Hierarchy.
[2017.03.26-11.06.45:292][  0]LogDerivedDataCache: FDerivedDataBackendGraph:  CompressedPak pak cache file ../../../../../../Users/Jo/Documents/GitHub/probaaaa1/DerivedDataCache/Compressed.ddp not found, will not use a pak cache.
[2017.03.26-11.06.45:292][  0]LogDerivedDataCache: Unable to find inner node CompressedPak for hierarchical cache Hierarchy.
[2017.03.26-11.06.45:325][  0]LogDerivedDataCache:Display: Pak cache opened for reading ../../../Engine/DerivedDataCache/Compressed.ddp.
[2017.03.26-11.06.45:337][  0]LogDerivedDataCache: Using Local data cache path C:/Users/Jo/AppData/Local/UnrealEngine/Common/DerivedDataCache: Writable
[2017.03.26-11.06.45:354][  0]LogSlate: Using Freetype 2.6.0
[2017.03.26-11.06.45:355][  0]LogSlate: SlateFontCache - WITH_FREETYPE: 1, WITH_HARFBUZZ: 1
[2017.03.26-11.06.45:355][  0]LogSlate: SlateFontCache - WITH_FREETYPE: 1, WITH_HARFBUZZ: 1
[2017.03.26-11.06.45:806][  0]LogInit: Selected Device Profile: [Windows]
[2017.03.26-11.06.45:809][  0]LogContentStreaming: Texture pool size is 0.00 MB
[2017.03.26-11.06.46:334][  0]LogMeshUtilities: Using QuadricMeshReduction for automatic static mesh reduction
[2017.03.26-11.06.46:423][  0]LogSimplygon: Simplygon DLL not present - disabling.
[2017.03.26-11.06.46:530][  0]LogMeshUtilities: Using SimplygonSwarm for distributed automatic mesh merging
[2017.03.26-11.06.46:530][  0]LogMeshUtilities: No automatic skeletal mesh reduction module available
[2017.03.26-11.06.46:530][  0]LogMeshUtilities: No automatic mesh merging module available
[2017.03.26-11.06.47:621][  0]LogNetVersion: GetLocalNetworkVersion: CL: 3299760, ProjectName: probaaaa1, ProjectVersion: , EngineNetworkVersion: 2, GameNetworkVersion: 0, NetworkChecksum: 1382811962
[2017.03.26-11.06.47:688][  0]LogAssetRegistry: FAssetRegistry took 0.0222 seconds to start up
[2017.03.26-11.06.47:752][  0]LogPackageLocalizationCache: Processed 3 localized package path(s) for 1 prioritized culture(s) in 0.013688 seconds
[2017.03.26-11.06.47:760][  0]LogUObjectArray: 32475 objects as part of root set at end of initial load.
[2017.03.26-11.06.47:760][  0]LogUObjectAllocator: 7073360 out of 0 bytes used by permanent object pool.
[2017.03.26-11.06.47:760][  0]LogUObjectArray: CloseDisregardForGC: 0/0 objects in disregard for GC pool
[2017.03.26-11.06.47:894][  0]LogInit: WinSock: version 1.1 (2.2), MaxSocks=32767, MaxUdp=65467
[2017.03.26-11.06.50:872][  0]LogTcpMessaging: Initializing TcpMessaging bridge
[2017.03.26-11.06.50:932][  0]LogUdpMessaging: Initializing bridge on interface 0.0.0.0:0 to multicast group 230.0.0.1:6666.
[2017.03.26-11.06.51:717][  0]LogMaterial: Uniform references updated for custom material expression Custom.
[2017.03.26-11.06.52:379][  0]SourceControl: Info Source control is disabled
[2017.03.26-11.06.52:582][  0]SourceControl: Info Source control is disabled
[2017.03.26-11.06.52:694][  0]SourceControl: Info Source control is disabled
[2017.03.26-11.06.52:768][  0]SourceControl: Info Source control is disabled
[2017.03.26-11.06.55:001][  0]LogEngine: Initializing Engine...
[2017.03.26-11.06.55:001][  0]LogHMD: Failed to initialize OpenVR with code 110
[2017.03.26-11.06.55:414][  0]LogAIModule: Creating AISystem for world Untitled
[2017.03.26-11.06.55:425][  0]LogInit: XAudio2 using 'Speakers (High Definition Audio Device)' : 2 channels at 44.1 kHz using 16 bits per sample (channel mask 0x3)
[2017.03.26-11.06.55:441][  0]LogInit: FAudioDevice initialized.
[2017.03.26-11.06.55:497][  0]LogDerivedDataCache: Saved boot cache 0.06s 50MB C:/Users/Jo/AppData/Local/UnrealEngine/4.15/DerivedDataCache/Boot.ddc.
[2017.03.26-11.06.55:509][  0]LogInit: Texture streaming: Enabled
[2017.03.26-11.06.55:677][  0]LogEngineSessionManager: EngineSessionManager initialized
[2017.03.26-11.06.55:819][  0]LogInit: Transaction tracking system initialized
[2017.03.26-11.06.56:439][  0]BlueprintLog: New page: Editor Load
[2017.03.26-11.06.58:089][  0]LocalizationService: Info Localization service is disabled
[2017.03.26-11.06.59:275][  0]LogConsoleResponse:Display: 
[2017.03.26-11.06.59:541][  0]LogCook:Display: Max memory allowance for cook 16384mb min free memory 0mb
[2017.03.26-11.06.59:541][  0]LogCook:Display: Mobile HDR setting 1
[2017.03.26-11.07.00:579][  0]LogFileCache: Scanning file cache for directory 'C:/Users/Jo/Documents/GitHub/probaaaa1/Content/' took 0.03s
[2017.03.26-11.07.01:375][  0]SourceControl: Info Source control is disabled
[2017.03.26-11.07.01:375][  0]Cmd: MAP LOAD FILE="../../../../../../Users/Jo/Documents/GitHub/probaaaa1/Content/RollingBP/Maps/RollingBPExampleMap.umap" TEMPLATE=0 SHOWPROGRESS=1 FEATURELEVEL=3
[2017.03.26-11.07.01:376][  0]LightingResults: New page: Lighting Build
[2017.03.26-11.07.01:443][  0]MapCheck: New page: Map Check
[2017.03.26-11.07.01:443][  0]LightingResults: New page: Lighting Build
[2017.03.26-11.07.01:900][  0]LogAIModule: Creating AISystem for world RollingBPExampleMap
[2017.03.26-11.07.01:916][  0]LogEditorServer: Finished looking for orphan Actors (0.000 secs)
[2017.03.26-11.07.01:917][  0]Cmd: MAP CHECKDEP NOCLEARLOG
[2017.03.26-11.07.02:064][  0]MapCheck: Info Map check complete: 0 Error(s), 0 Warning(s), took 147.461ms to complete.
[2017.03.26-11.07.02:064][  0]LogFileHelpers: Loading map 'RollingBPExampleMap' took 0.689
[2017.03.26-11.07.02:310][  0]LogCollectionManager: Loaded 0 collections in 0.001743 seconds
[2017.03.26-11.07.02:432][  0]LogFileCache: Scanning file cache for directory 'C:/Users/Jo/Documents/GitHub/probaaaa1/Saved/Collections/' took 0.01s
[2017.03.26-11.07.02:432][  0]LogFileCache: Scanning file cache for directory 'C:/Users/Jo/Documents/GitHub/probaaaa1/Content/Developers/Jo/Collections/' took 0.01s
[2017.03.26-11.07.02:432][  0]LogFileCache: Scanning file cache for directory 'C:/Users/Jo/Documents/GitHub/probaaaa1/Content/Collections/' took 0.01s
[2017.03.26-11.07.02:432][  0]LogCollectionManager: Rebuilt the GUID cache for 0 collections in 0.000002 seconds
[2017.03.26-11.07.02:443][  0]LogContentBrowser: Native class hierarchy populated in 0.0106 seconds. Added 2244 classes and 450 folders.
[2017.03.26-11.07.02:446][  0]LogStats: UGameplayTagsManager::ConstructGameplayTagTree: Construct from data asset -  0.000 s
[2017.03.26-11.07.02:446][  0]LogStats: UGameplayTagsManager::ConstructGameplayTagTree: GameplayTagTreeChangedEvent.Broadcast -  0.000 s
[2017.03.26-11.07.02:551][  0]LogContentBrowser: Native class hierarchy updated for 'WidgetCarousel' in 0.0006 seconds. Added 0 classes and 0 folders.
[2017.03.26-11.07.02:637][  0]LogContentBrowser: Native class hierarchy updated for 'AddContentDialog' in 0.0010 seconds. Added 0 classes and 0 folders.
[2017.03.26-11.07.02:687][  0]LogContentBrowser: Native class hierarchy updated for 'SceneOutliner' in 0.0006 seconds. Added 1 classes and 2 folders.
[2017.03.26-11.07.02:781][  0]LogCrashTracker: Crashtracker disabled due to settings.
[2017.03.26-11.07.02:787][  0]LogUObjectGlobals:Warning: Failed to find object 'Class None.'
[2017.03.26-11.07.02:882][  0]LogContentBrowser: Native class hierarchy updated for 'HierarchicalLODOutliner' in 0.0007 seconds. Added 1 classes and 2 folders.
[2017.03.26-11.07.02:882][  0]LogLoad: (Engine Initialization) Total time: 27.60 seconds
[2017.03.26-11.07.02:882][  0]LogLoad: (Engine Initialization) Total Blueprint compile time: 0.25 seconds
[2017.03.26-11.07.02:882][  0]LogExternalProfiler: No external profilers were discovered.  External profiling features will not be available.
[2017.03.26-11.07.03:224][  0]LogOcInput: OculusInput pre-init called
[2017.03.26-11.07.03:249][  0]LogContentStreaming: Texture pool size now 1000 MB
[2017.03.26-11.07.03:250][  0]LogSlate: Took 0.000287 seconds to synchronously load lazily loaded font '../../../Engine/Content/Slate/Fonts/Roboto-Regular.ttf' (155K)
[2017.03.26-11.07.03:255][  0]LogSlate: Took 0.000408 seconds to synchronously load lazily loaded font '../../../Engine/Content/Slate/Fonts/Roboto-Bold.ttf' (160K)
[2017.03.26-11.07.03:261][  0]LogSlate: Took 0.000355 seconds to synchronously load lazily loaded font '../../../Engine/Content/Editor/Slate/Fonts/FontAwesome.ttf' (139K)
[2017.03.26-11.07.03:393][  0]LogSlate: Took 0.000312 seconds to synchronously load lazily loaded font '../../../Engine/Content/Slate/Fonts/Roboto-Light.ttf' (159K)
[2017.03.26-11.07.03:483][  0]LogRenderer: Reallocating scene render targets to support 932x536 NumSamples 1 (Frame:2).
[2017.03.26-11.07.04:690][  3]LogAssetRegistry: Asset discovery search completed in 17.0237 seconds
[2017.03.26-11.07.04:690][  3]LogCollectionManager: Rebuilt the object cache for 0 collections in 0.000005 seconds (found 0 objects)
[2017.03.26-11.07.04:690][  3]LogCollectionManager: Fixed up redirectors for 0 collections in 0.000020 seconds (updated 0 objects)
[2017.03.26-11.07.43:165][279]SourceControl: Info On branch master
[2017.03.26-11.07.43:165][279]SourceControl: Info Your branch is up-to-date with 'origin/master'.
[2017.03.26-11.07.43:166][279]SourceControl: Info Untracked files:
[2017.03.26-11.07.43:166][279]SourceControl: Info   (use "git add <file>..." to include in what will be committed)
[2017.03.26-11.07.43:166][279]SourceControl: Info 	Config/
[2017.03.26-11.07.43:166][279]SourceControl: Info 	Content/
[2017.03.26-11.07.43:166][279]SourceControl: Info 	Intermediate/
[2017.03.26-11.07.43:166][279]SourceControl: Info 	Saved/
[2017.03.26-11.07.43:166][279]SourceControl: Info 	probaaaa1.uproject
[2017.03.26-11.07.43:166][279]SourceControl: Info nothing added to commit but untracked files present (use "git add" to track)
[2017.03.26-11.07.51:420][444]SourceControl: Info fatal: C:/Program Files/Epic Games/UE_4.15/Engine/Content/: 'C:/Program Files/Epic Games/UE_4.15/Engine/Content/' is outside repository
[2017.03.26-11.07.51:607][444]LogPackageName:Error: Illegal call to DoesPackageExist: '../../../../../../Users/Jo/Documents/GitHub/probaaaa1/probaaaa1.uproject' is not a standard unreal filename or a long path name. Reason: Path should be no less than 4 characters long.
[2017.03.26-11.07.52:063][444]LogStats: FPlatformStackWalk::StackWalkAndDump -  0.455 s
[2017.03.26-11.07.52:063][444]LogOutputDevice:Error: === Handled ensure: ===
[2017.03.26-11.07.52:063][444]LogOutputDevice:Error: 
[2017.03.26-11.07.52:063][444]LogOutputDevice:Error: Ensure condition failed: false [File:D:\Build\++UE4+Release-4.15+Compile\Sync\Engine\Source\Runtime\CoreUObject\Private\Misc\PackageName.cpp] [Line: 650]
[2017.03.26-11.07.52:063][444]LogOutputDevice:Error: Illegal call to DoesPackageExist: '../../../../../../Users/Jo/Documents/GitHub/probaaaa1/probaaaa1.uproject' is not a standard unreal filename or a long path name. Reason: Path should be no less than 4 characters long.
[2017.03.26-11.07.52:063][444]LogOutputDevice:Error: Stack: 
[2017.03.26-11.07.52:063][444]LogOutputDevice:Error: UE4Editor-Core.dll!0x0000000020BB95D6
[2017.03.26-11.07.52:063][444]LogOutputDevice:Error: UE4Editor-Core.dll!0x0000000020969B72
[2017.03.26-11.07.52:063][444]LogOutputDevice:Error: UE4Editor-Core.dll!0x000000002097B656
[2017.03.26-11.07.52:063][444]LogOutputDevice:Error: UE4Editor-CoreUObject.dll!0x0000000023B9A6B8
[2017.03.26-11.07.52:063][444]LogOutputDevice:Error: UE4Editor-SourceControl.dll!0x0000000016EB3D22
[2017.03.26-11.07.52:063][444]LogOutputDevice:Error: UE4Editor-SourceControl.dll!0x0000000016EB3EB9
[2017.03.26-11.07.52:063][444]LogOutputDevice:Error: UE4Editor-SourceControlWindows.dll!0x0000000013B61D2E
[2017.03.26-11.07.52:063][444]LogOutputDevice:Error: UE4Editor-SourceControlWindows.dll!0x0000000013B1B4B5
[2017.03.26-11.07.52:063][444]LogOutputDevice:Error: UE4Editor-SourceControlWindows.dll!0x0000000013B1AA8D
[2017.03.26-11.07.52:063][444]LogOutputDevice:Error: UE4Editor-SourceControlWindows.dll!0x0000000013B2F274
[2017.03.26-11.07.52:063][444]LogOutputDevice:Error: UE4Editor-GitSourceControl.dll!0x000000000CEAB851
[2017.03.26-11.07.52:063][444]LogOutputDevice:Error: UE4Editor-GitSourceControl.dll!0x000000000CEBD1ED
[2017.03.26-11.07.52:063][444]LogOutputDevice:Error: UE4Editor-SourceControl.dll!0x0000000016EB9C5C
[2017.03.26-11.07.52:063][444]LogOutputDevice:Error: UE4Editor-UnrealEd.dll!0x000000001D007517
[2017.03.26-11.07.52:063][444]LogOutputDevice:Error: UE4Editor-UnrealEd.dll!0x000000001D811AD6
[2017.03.26-11.07.52:063][444]LogOutputDevice:Error: UE4Editor.exe!0x000000004686DEE3
[2017.03.26-11.07.52:063][444]LogOutputDevice:Error: UE4Editor.exe!0x000000004685EB40
[2017.03.26-11.07.52:063][444]LogOutputDevice:Error: UE4Editor.exe!0x000000004685EBBA
[2017.03.26-11.07.52:063][444]LogOutputDevice:Error: UE4Editor.exe!0x0000000046870A29
[2017.03.26-11.07.52:063][444]LogOutputDevice:Error: UE4Editor.exe!0x00000000468722B6
[2017.03.26-11.07.52:063][444]LogOutputDevice:Error: KERNEL32.DLL!0x00000000458813D2
[2017.03.26-11.07.52:063][444]LogOutputDevice:Error: ntdll.dll!0x00000000477154E4
[2017.03.26-11.07.52:063][444]LogOutputDevice:Error: 
[2017.03.26-11.07.52:067][444]LogStats:                SubmitErrorReport -  0.000 s
[2017.03.26-11.07.55:404][444]LogStats:                    SendNewReport -  3.338 s
[2017.03.26-11.07.55:404][444]LogStats:             FDebug::EnsureFailed -  3.798 s
[2017.03.26-11.08.14:281][444]LogSourceControl: FGitCheckInWorker: commit successful
[2017.03.26-11.08.14:544][444]SourceControl: Info [master d9c19bc] Ovo je deskripcija
[2017.03.26-11.08.14:544][444]SourceControl: Info  2 files changed, 6 insertions(+)
[2017.03.26-11.08.14:544][444]SourceControl: Info  create mode 100644 Content/RollingBP/RollingOverview.uasset
[2017.03.26-11.08.14:544][444]SourceControl: Info  create mode 100644 probaaaa1.uproject
[2017.03.26-11.08.14:556][444]SourceControl: Info Commited [master d9c19bc] Ovo je deskripcija.
